2022-11-04 19:39:36 INFO  BasePage:49 - Hello
2022-11-04 19:39:36 INFO  BasePage:51 - Sample info message
2022-11-04 19:39:36 WARN  BasePage:52 - Sample warn message
2022-11-04 19:39:36 ERROR BasePage:53 - Sample error message
2022-11-04 19:39:36 FATAL BasePage:54 - Sample fatal message
2022-11-04 19:39:47 INFO  BasePage:49 - Hello
2022-11-04 19:39:47 INFO  BasePage:51 - Sample info message
2022-11-04 19:39:47 WARN  BasePage:52 - Sample warn message
2022-11-04 19:39:47 ERROR BasePage:53 - Sample error message
2022-11-04 19:39:47 FATAL BasePage:54 - Sample fatal message
2022-11-04 19:42:37 INFO  BasePage:159 - [Bangalore, 51]
2022-11-04 19:42:37 INFO  BasePage:159 - [Mumbai, 52]
2022-11-04 19:42:37 INFO  BasePage:159 - [Chennai, 51]
2022-11-04 19:42:37 INFO  BasePage:159 - [Hyderabad, 51]
2022-11-04 19:42:37 INFO  BasePage:159 - [Delhi, 52]
2022-11-04 19:47:48 INFO  BasePage:49 - Hello
2022-11-04 19:47:48 INFO  BasePage:51 - Sample info message
2022-11-04 19:47:48 WARN  BasePage:52 - Sample warn message
2022-11-04 19:47:48 ERROR BasePage:53 - Sample error message
2022-11-04 19:47:48 FATAL BasePage:54 - Sample fatal message
2022-11-04 19:47:59 INFO  BasePage:49 - Hello
2022-11-04 19:47:59 INFO  BasePage:51 - Sample info message
2022-11-04 19:47:59 WARN  BasePage:52 - Sample warn message
2022-11-04 19:47:59 ERROR BasePage:53 - Sample error message
2022-11-04 19:47:59 FATAL BasePage:54 - Sample fatal message
2022-11-04 19:50:19 INFO  BasePage:159 - [Bangalore, 51]
2022-11-04 19:50:19 INFO  BasePage:159 - [Mumbai, 52]
2022-11-04 19:50:19 INFO  BasePage:159 - [Chennai, 51]
2022-11-04 19:50:19 INFO  BasePage:159 - [Hyderabad, 51]
2022-11-04 19:50:19 INFO  BasePage:159 - [Delhi, 52]
2022-11-04 20:16:58 INFO  BasePage:49 - Hello
2022-11-04 20:16:58 INFO  BasePage:51 - Sample info message
2022-11-04 20:16:58 WARN  BasePage:52 - Sample warn message
2022-11-04 20:16:58 ERROR BasePage:53 - Sample error message
2022-11-04 20:16:58 FATAL BasePage:54 - Sample fatal message
2022-11-04 20:17:09 INFO  BasePage:49 - Hello
2022-11-04 20:17:09 INFO  BasePage:51 - Sample info message
2022-11-04 20:17:09 WARN  BasePage:52 - Sample warn message
2022-11-04 20:17:09 ERROR BasePage:53 - Sample error message
2022-11-04 20:17:09 FATAL BasePage:54 - Sample fatal message
2022-11-04 20:19:51 INFO  BasePage:159 - [Bangalore, 51]
2022-11-04 20:19:51 INFO  BasePage:159 - [Mumbai, 52]
2022-11-04 20:19:51 INFO  BasePage:159 - [Chennai, 51]
2022-11-04 20:19:51 INFO  BasePage:159 - [Hyderabad, 51]
2022-11-04 20:19:51 INFO  BasePage:159 - [Delhi, 52]
2022-11-04 20:30:09 INFO  BasePage:49 - Hello
2022-11-04 20:30:09 INFO  BasePage:51 - Sample info message
2022-11-04 20:30:09 WARN  BasePage:52 - Sample warn message
2022-11-04 20:30:09 ERROR BasePage:53 - Sample error message
2022-11-04 20:30:09 FATAL BasePage:54 - Sample fatal message
2022-11-04 20:30:21 INFO  BasePage:49 - Hello
2022-11-04 20:30:21 INFO  BasePage:51 - Sample info message
2022-11-04 20:30:21 WARN  BasePage:52 - Sample warn message
2022-11-04 20:30:21 ERROR BasePage:53 - Sample error message
2022-11-04 20:30:21 FATAL BasePage:54 - Sample fatal message
2022-11-04 20:33:03 INFO  BasePage:159 - [Bangalore, 51]
2022-11-04 20:33:03 INFO  BasePage:159 - [Mumbai, 52]
2022-11-04 20:33:03 INFO  BasePage:159 - [Chennai, 51]
2022-11-04 20:33:03 INFO  BasePage:159 - [Hyderabad, 51]
2022-11-04 20:33:03 INFO  BasePage:159 - [Delhi, 52]
2022-11-04 20:37:38 INFO  BasePage:49 - Hello
2022-11-04 20:37:38 INFO  BasePage:51 - Sample info message
2022-11-04 20:37:38 WARN  BasePage:52 - Sample warn message
2022-11-04 20:37:38 ERROR BasePage:53 - Sample error message
2022-11-04 20:37:38 FATAL BasePage:54 - Sample fatal message
2022-11-04 20:37:38 INFO  BasePage:49 - Hello
2022-11-04 20:37:38 INFO  BasePage:51 - Sample info message
2022-11-04 20:37:38 WARN  BasePage:52 - Sample warn message
2022-11-04 20:37:38 ERROR BasePage:53 - Sample error message
2022-11-04 20:37:38 FATAL BasePage:54 - Sample fatal message
2022-11-04 20:37:52 INFO  BasePage:159 - [Bangalore, 51]
2022-11-04 20:37:52 INFO  BasePage:159 - [Mumbai, 52]
2022-11-04 20:37:52 INFO  BasePage:159 - [Chennai, 51]
2022-11-04 20:37:52 INFO  BasePage:159 - [Hyderabad, 51]
2022-11-04 20:37:52 INFO  BasePage:159 - [Delhi, 52]
2022-11-04 20:41:51 INFO  BasePage:49 - Hello
2022-11-04 20:41:51 INFO  BasePage:51 - Sample info message
2022-11-04 20:41:51 WARN  BasePage:52 - Sample warn message
2022-11-04 20:41:51 ERROR BasePage:53 - Sample error message
2022-11-04 20:41:51 FATAL BasePage:54 - Sample fatal message
2022-11-04 20:41:51 INFO  BasePage:49 - Hello
2022-11-04 20:41:51 INFO  BasePage:51 - Sample info message
2022-11-04 20:41:51 WARN  BasePage:52 - Sample warn message
2022-11-04 20:41:51 ERROR BasePage:53 - Sample error message
2022-11-04 20:41:51 FATAL BasePage:54 - Sample fatal message
2022-11-04 20:43:01 INFO  BasePage:159 - [Bangalore, 51]
2022-11-04 20:43:01 INFO  BasePage:159 - [Mumbai, 52]
2022-11-04 20:43:01 INFO  BasePage:159 - [Chennai, 51]
2022-11-04 20:43:01 INFO  BasePage:159 - [Hyderabad, 51]
2022-11-04 20:43:01 INFO  BasePage:159 - [Delhi, 52]
2022-11-04 20:52:05 INFO  BasePage:49 - Hello
2022-11-04 20:52:05 INFO  BasePage:51 - Sample info message
2022-11-04 20:52:05 WARN  BasePage:52 - Sample warn message
2022-11-04 20:52:05 ERROR BasePage:53 - Sample error message
2022-11-04 20:52:05 FATAL BasePage:54 - Sample fatal message
2022-11-04 20:52:05 INFO  BasePage:49 - Hello
2022-11-04 20:52:05 INFO  BasePage:51 - Sample info message
2022-11-04 20:52:05 WARN  BasePage:52 - Sample warn message
2022-11-04 20:52:05 ERROR BasePage:53 - Sample error message
2022-11-04 20:52:05 FATAL BasePage:54 - Sample fatal message
2022-11-04 20:53:00 INFO  BasePage:159 - [Bangalore, 51]
2022-11-04 20:53:00 INFO  BasePage:159 - [Mumbai, 52]
2022-11-04 20:53:00 INFO  BasePage:159 - [Chennai, 51]
2022-11-04 20:53:00 INFO  BasePage:159 - [Hyderabad, 51]
2022-11-04 20:53:00 INFO  BasePage:159 - [Delhi, 52]
2022-11-04 20:56:17 INFO  BasePage:49 - Hello
2022-11-04 20:56:17 INFO  BasePage:51 - Sample info message
2022-11-04 20:56:17 WARN  BasePage:52 - Sample warn message
2022-11-04 20:56:17 ERROR BasePage:53 - Sample error message
2022-11-04 20:56:17 FATAL BasePage:54 - Sample fatal message
2022-11-04 20:56:17 INFO  BasePage:49 - Hello
2022-11-04 20:56:17 INFO  BasePage:51 - Sample info message
2022-11-04 20:56:17 WARN  BasePage:52 - Sample warn message
2022-11-04 20:56:17 ERROR BasePage:53 - Sample error message
2022-11-04 20:56:17 FATAL BasePage:54 - Sample fatal message
2022-11-04 20:57:10 INFO  BasePage:159 - [Bangalore, 51]
2022-11-04 20:57:10 INFO  BasePage:159 - [Mumbai, 52]
2022-11-04 20:57:10 INFO  BasePage:159 - [Chennai, 51]
2022-11-04 20:57:10 INFO  BasePage:159 - [Hyderabad, 51]
2022-11-04 20:57:10 INFO  BasePage:159 - [Delhi, 52]
2022-11-04 21:06:26 INFO  BasePage:49 - Hello
2022-11-04 21:06:26 INFO  BasePage:49 - Hello
2022-11-04 21:06:26 INFO  BasePage:51 - Sample info message
2022-11-04 21:06:26 WARN  BasePage:52 - Sample warn message
2022-11-04 21:06:26 ERROR BasePage:53 - Sample error message
2022-11-04 21:06:26 FATAL BasePage:54 - Sample fatal message
2022-11-04 21:06:26 INFO  BasePage:51 - Sample info message
2022-11-04 21:06:26 WARN  BasePage:52 - Sample warn message
2022-11-04 21:06:26 ERROR BasePage:53 - Sample error message
2022-11-04 21:06:26 FATAL BasePage:54 - Sample fatal message
2022-11-04 21:07:22 INFO  BasePage:159 - [Bangalore, 49]
2022-11-04 21:07:22 INFO  BasePage:159 - [Mumbai, 49]
2022-11-04 21:07:22 INFO  BasePage:159 - [Chennai, 49]
2022-11-04 21:07:22 INFO  BasePage:159 - [Hyderabad, 49]
2022-11-04 21:07:22 INFO  BasePage:159 - [Delhi, 49]
2022-11-04 21:11:20 INFO  BasePage:49 - Hello
2022-11-04 21:11:20 INFO  BasePage:51 - Sample info message
2022-11-04 21:11:20 WARN  BasePage:52 - Sample warn message
2022-11-04 21:11:20 ERROR BasePage:53 - Sample error message
2022-11-04 21:11:20 FATAL BasePage:54 - Sample fatal message
2022-11-04 21:11:21 INFO  BasePage:49 - Hello
2022-11-04 21:11:21 INFO  BasePage:51 - Sample info message
2022-11-04 21:11:21 WARN  BasePage:52 - Sample warn message
2022-11-04 21:11:21 ERROR BasePage:53 - Sample error message
2022-11-04 21:11:21 FATAL BasePage:54 - Sample fatal message
2022-11-04 21:12:11 INFO  BasePage:159 - [Bangalore, 49]
2022-11-04 21:12:11 INFO  BasePage:159 - [Mumbai, 49]
2022-11-04 21:12:11 INFO  BasePage:159 - [Chennai, 49]
2022-11-04 21:12:11 INFO  BasePage:159 - [Hyderabad, 49]
2022-11-04 21:12:11 INFO  BasePage:159 - [Delhi, 49]
2022-11-05 11:39:11 INFO  BasePage:49 - Hello
2022-11-05 11:39:11 INFO  BasePage:51 - Sample info message
2022-11-05 11:39:11 WARN  BasePage:52 - Sample warn message
2022-11-05 11:39:11 ERROR BasePage:53 - Sample error message
2022-11-05 11:39:11 FATAL BasePage:54 - Sample fatal message
2022-11-05 11:39:11 INFO  BasePage:49 - Hello
2022-11-05 11:39:11 INFO  BasePage:51 - Sample info message
2022-11-05 11:39:11 WARN  BasePage:52 - Sample warn message
2022-11-05 11:39:11 ERROR BasePage:53 - Sample error message
2022-11-05 11:39:11 FATAL BasePage:54 - Sample fatal message
2022-11-05 11:40:02 INFO  BasePage:159 - [Bangalore, 49]
2022-11-05 11:40:02 INFO  BasePage:159 - [Mumbai, 49]
2022-11-05 11:40:02 INFO  BasePage:159 - [Chennai, 49]
2022-11-05 11:40:02 INFO  BasePage:159 - [Hyderabad, 49]
2022-11-05 11:40:02 INFO  BasePage:159 - [Delhi, 49]
2022-11-05 11:51:38 INFO  BasePage:49 - Hello
2022-11-05 11:51:38 INFO  BasePage:49 - Hello
2022-11-05 11:51:38 INFO  BasePage:51 - Sample info message
2022-11-05 11:51:38 INFO  BasePage:51 - Sample info message
2022-11-05 11:51:38 WARN  BasePage:52 - Sample warn message
2022-11-05 11:51:38 WARN  BasePage:52 - Sample warn message
2022-11-05 11:51:38 ERROR BasePage:53 - Sample error message
2022-11-05 11:51:38 ERROR BasePage:53 - Sample error message
2022-11-05 11:51:38 FATAL BasePage:54 - Sample fatal message
2022-11-05 11:51:38 FATAL BasePage:54 - Sample fatal message
2022-11-05 11:52:33 INFO  BasePage:159 - [Bangalore, 49]
2022-11-05 11:52:33 INFO  BasePage:159 - [Mumbai, 49]
2022-11-05 11:52:33 INFO  BasePage:159 - [Chennai, 49]
2022-11-05 11:52:33 INFO  BasePage:159 - [Hyderabad, 49]
2022-11-05 11:52:33 INFO  BasePage:159 - [Delhi, 49]
2022-11-05 21:52:45 INFO  BasePage:49 - Hello
2022-11-05 21:52:45 INFO  BasePage:49 - Hello
2022-11-05 21:52:45 INFO  BasePage:51 - Sample info message
2022-11-05 21:52:45 INFO  BasePage:51 - Sample info message
2022-11-05 21:52:45 WARN  BasePage:52 - Sample warn message
2022-11-05 21:52:45 WARN  BasePage:52 - Sample warn message
2022-11-05 21:52:45 ERROR BasePage:53 - Sample error message
2022-11-05 21:52:45 ERROR BasePage:53 - Sample error message
2022-11-05 21:52:45 FATAL BasePage:54 - Sample fatal message
2022-11-05 21:52:45 FATAL BasePage:54 - Sample fatal message
2022-11-05 21:53:32 INFO  BasePage:159 - [Bangalore, 49]
2022-11-05 21:53:32 INFO  BasePage:159 - [Mumbai, 49]
2022-11-05 21:53:32 INFO  BasePage:159 - [Chennai, 49]
2022-11-05 21:53:32 INFO  BasePage:159 - [Hyderabad, 49]
2022-11-05 21:53:32 INFO  BasePage:159 - [Delhi, 49]
2022-11-06 08:04:50 INFO  BasePage:49 - Hello
2022-11-06 08:04:50 INFO  BasePage:51 - Sample info message
2022-11-06 08:04:50 WARN  BasePage:52 - Sample warn message
2022-11-06 08:04:50 ERROR BasePage:53 - Sample error message
2022-11-06 08:04:50 FATAL BasePage:54 - Sample fatal message
2022-11-06 08:04:50 INFO  BasePage:49 - Hello
2022-11-06 08:04:50 INFO  BasePage:51 - Sample info message
2022-11-06 08:04:50 WARN  BasePage:52 - Sample warn message
2022-11-06 08:04:50 ERROR BasePage:53 - Sample error message
2022-11-06 08:04:50 FATAL BasePage:54 - Sample fatal message
2022-11-06 08:05:42 INFO  BasePage:159 - [Bangalore, 49]
2022-11-06 08:05:42 INFO  BasePage:159 - [Mumbai, 49]
2022-11-06 08:05:42 INFO  BasePage:159 - [Chennai, 49]
2022-11-06 08:05:42 INFO  BasePage:159 - [Hyderabad, 49]
2022-11-06 08:05:42 INFO  BasePage:159 - [Delhi, 49]
2022-11-06 09:33:25 INFO  BasePage:49 - Hello
2022-11-06 09:33:25 INFO  BasePage:51 - Sample info message
2022-11-06 09:33:25 WARN  BasePage:52 - Sample warn message
2022-11-06 09:33:25 ERROR BasePage:53 - Sample error message
2022-11-06 09:33:25 FATAL BasePage:54 - Sample fatal message
2022-11-06 09:33:25 INFO  BasePage:49 - Hello
2022-11-06 09:33:25 INFO  BasePage:51 - Sample info message
2022-11-06 09:33:25 WARN  BasePage:52 - Sample warn message
2022-11-06 09:33:25 ERROR BasePage:53 - Sample error message
2022-11-06 09:33:25 FATAL BasePage:54 - Sample fatal message
2022-11-06 09:41:16 INFO  BasePage:49 - Hello
2022-11-06 09:41:16 INFO  BasePage:51 - Sample info message
2022-11-06 09:41:16 WARN  BasePage:52 - Sample warn message
2022-11-06 09:41:16 ERROR BasePage:53 - Sample error message
2022-11-06 09:41:16 FATAL BasePage:54 - Sample fatal message
2022-11-06 09:41:17 INFO  BasePage:49 - Hello
2022-11-06 09:41:17 INFO  BasePage:51 - Sample info message
2022-11-06 09:41:17 WARN  BasePage:52 - Sample warn message
2022-11-06 09:41:17 ERROR BasePage:53 - Sample error message
2022-11-06 09:41:17 FATAL BasePage:54 - Sample fatal message
2022-11-06 09:45:13 INFO  BasePage:49 - Hello
2022-11-06 09:45:13 INFO  BasePage:51 - Sample info message
2022-11-06 09:45:13 WARN  BasePage:52 - Sample warn message
2022-11-06 09:45:13 ERROR BasePage:53 - Sample error message
2022-11-06 09:45:13 FATAL BasePage:54 - Sample fatal message
2022-11-06 09:45:13 INFO  BasePage:49 - Hello
2022-11-06 09:45:13 INFO  BasePage:51 - Sample info message
2022-11-06 09:45:13 WARN  BasePage:52 - Sample warn message
2022-11-06 09:45:13 ERROR BasePage:53 - Sample error message
2022-11-06 09:45:13 FATAL BasePage:54 - Sample fatal message
2022-11-06 09:48:58 INFO  BasePage:49 - Hello
2022-11-06 09:48:58 INFO  BasePage:51 - Sample info message
2022-11-06 09:48:58 WARN  BasePage:52 - Sample warn message
2022-11-06 09:48:58 ERROR BasePage:53 - Sample error message
2022-11-06 09:48:58 FATAL BasePage:54 - Sample fatal message
2022-11-06 09:48:58 INFO  BasePage:49 - Hello
2022-11-06 09:48:58 INFO  BasePage:51 - Sample info message
2022-11-06 09:48:58 WARN  BasePage:52 - Sample warn message
2022-11-06 09:48:58 ERROR BasePage:53 - Sample error message
2022-11-06 09:48:58 FATAL BasePage:54 - Sample fatal message
2022-11-06 11:27:03 INFO  BasePage:49 - Hello
2022-11-06 11:27:03 INFO  BasePage:51 - Sample info message
2022-11-06 11:27:03 WARN  BasePage:52 - Sample warn message
2022-11-06 11:27:03 ERROR BasePage:53 - Sample error message
2022-11-06 11:27:03 FATAL BasePage:54 - Sample fatal message
2022-11-06 11:27:03 INFO  BasePage:49 - Hello
2022-11-06 11:27:03 INFO  BasePage:51 - Sample info message
2022-11-06 11:27:03 WARN  BasePage:52 - Sample warn message
2022-11-06 11:27:03 ERROR BasePage:53 - Sample error message
2022-11-06 11:27:03 FATAL BasePage:54 - Sample fatal message
2022-11-06 11:37:41 INFO  BasePage:49 - Hello
2022-11-06 11:37:41 INFO  BasePage:51 - Sample info message
2022-11-06 11:37:41 WARN  BasePage:52 - Sample warn message
2022-11-06 11:37:41 ERROR BasePage:53 - Sample error message
2022-11-06 11:37:41 FATAL BasePage:54 - Sample fatal message
2022-11-06 11:37:41 INFO  BasePage:49 - Hello
2022-11-06 11:37:41 INFO  BasePage:51 - Sample info message
2022-11-06 11:37:41 WARN  BasePage:52 - Sample warn message
2022-11-06 11:37:41 ERROR BasePage:53 - Sample error message
2022-11-06 11:37:41 FATAL BasePage:54 - Sample fatal message
2022-11-06 19:03:23 INFO  BasePage:49 - Hello
2022-11-06 19:03:23 INFO  BasePage:51 - Sample info message
2022-11-06 19:03:23 WARN  BasePage:52 - Sample warn message
2022-11-06 19:03:23 ERROR BasePage:53 - Sample error message
2022-11-06 19:03:23 FATAL BasePage:54 - Sample fatal message
2022-11-06 19:08:15 INFO  BasePage:49 - Hello
2022-11-06 19:08:15 INFO  BasePage:51 - Sample info message
2022-11-06 19:08:15 WARN  BasePage:52 - Sample warn message
2022-11-06 19:08:15 ERROR BasePage:53 - Sample error message
2022-11-06 19:08:15 FATAL BasePage:54 - Sample fatal message
2022-11-06 22:28:24 INFO  BasePage:49 - Hello
2022-11-06 22:28:24 INFO  BasePage:51 - Sample info message
2022-11-06 22:28:24 WARN  BasePage:52 - Sample warn message
2022-11-06 22:28:24 ERROR BasePage:53 - Sample error message
2022-11-06 22:28:24 FATAL BasePage:54 - Sample fatal message
2022-11-06 22:51:45 INFO  BasePage:49 - Hello
2022-11-06 22:51:45 INFO  BasePage:51 - Sample info message
2022-11-06 22:51:45 WARN  BasePage:52 - Sample warn message
2022-11-06 22:51:45 ERROR BasePage:53 - Sample error message
2022-11-06 22:51:45 FATAL BasePage:54 - Sample fatal message
2022-11-06 22:53:17 INFO  BasePage:49 - Hello
2022-11-06 22:53:17 INFO  BasePage:51 - Sample info message
2022-11-06 22:53:17 WARN  BasePage:52 - Sample warn message
2022-11-06 22:53:17 ERROR BasePage:53 - Sample error message
2022-11-06 22:53:17 FATAL BasePage:54 - Sample fatal message
2022-11-06 22:54:43 INFO  BasePage:49 - Hello
2022-11-06 22:54:43 INFO  BasePage:51 - Sample info message
2022-11-06 22:54:43 WARN  BasePage:52 - Sample warn message
2022-11-06 22:54:43 ERROR BasePage:53 - Sample error message
2022-11-06 22:54:43 FATAL BasePage:54 - Sample fatal message
2022-11-06 22:54:43 INFO  BasePage:67 - Waiting for the elementss
2022-11-06 23:02:57 INFO  BasePage:67 - Waiting for the elementss
2022-11-06 23:08:24 INFO  BasePage:67 - Waiting for the elementss
2022-11-06 23:08:37 INFO  BasePage:67 - Waiting for the elementss
2022-11-06 23:08:37 INFO  BasePage:67 - Waiting for the elementss
2022-11-06 23:08:37 INFO  BasePage:67 - Waiting for the elementss
2022-11-06 23:08:42 INFO  BasePage:67 - Waiting for the elementss
2022-11-06 23:08:54 INFO  BasePage:67 - Waiting for the elementss
2022-11-06 23:08:54 INFO  BasePage:67 - Waiting for the elementss
2022-11-06 23:08:54 INFO  BasePage:67 - Waiting for the elementss
2022-11-06 23:08:59 INFO  BasePage:67 - Waiting for the elementss
2022-11-06 23:12:28 INFO  BasePage:67 - Waiting for the elementSearch
2022-11-06 23:12:41 INFO  BasePage:67 - Waiting for the elementUsed
2022-11-06 23:12:41 INFO  BasePage:67 - Waiting for the elementSearch
2022-11-06 23:12:41 INFO  BasePage:67 - Waiting for the elementSearch
2022-11-06 23:12:45 INFO  BasePage:67 - Waiting for the elementVisakhapatnam, Andhra Pradesh
2022-11-06 23:12:57 INFO  BasePage:67 - Waiting for the elementUsed
2022-11-06 23:12:58 INFO  BasePage:67 - Waiting for the elementSearch
2022-11-06 23:12:58 INFO  BasePage:67 - Waiting for the elementSearch
2022-11-06 23:13:01 INFO  BasePage:67 - Waiting for the elementThiruvananthapuram, Kerala
2022-11-06 23:14:53 INFO  BasePage:67 - Waiting for the elementSearch
2022-11-06 23:14:53 INFO  BasePage:67 - Waiting for the elementSearch
2022-11-06 23:14:55 INFO  BasePage:67 - Waiting for the elementUsed
2022-11-06 23:14:56 INFO  BasePage:67 - Waiting for the elementView More Brands
2022-11-06 23:14:56 INFO  BasePage:67 - Waiting for the elementSearch
2022-11-06 23:14:56 INFO  BasePage:67 - Waiting for the elementSearch
2022-11-06 23:15:02 INFO  BasePage:67 - Waiting for the elementVisakhapatnam, Andhra Pradesh
2022-11-06 23:15:35 INFO  BasePage:67 - Waiting for the elementUsed
2022-11-06 23:15:35 INFO  BasePage:67 - Waiting for the elementSearch
2022-11-06 23:15:35 INFO  BasePage:67 - Waiting for the elementSearch
2022-11-06 23:15:39 INFO  BasePage:67 - Waiting for the elementMumbai, Maharashtra
2022-11-07 08:39:34 INFO  BasePage:67 - Waiting for the elementSearch
2022-11-07 08:40:48 INFO  BasePage:67 - Waiting for the elementSearch
2022-11-07 08:40:49 INFO  BasePage:67 - Waiting for the elementSearch
2022-11-07 08:40:51 INFO  BasePage:67 - Waiting for the elementView More Brands
2022-11-07 08:40:51 INFO  BasePage:67 - Waiting for the elementUsed
2022-11-07 08:40:52 INFO  BasePage:67 - Waiting for the elementSearch
2022-11-07 08:40:52 INFO  BasePage:67 - Waiting for the elementSearch
2022-11-07 08:40:57 INFO  BasePage:67 - Waiting for the elementHyderabad, Telangana
2022-11-07 08:41:09 INFO  BasePage:67 - Waiting for the elementUsed
2022-11-07 08:41:10 INFO  BasePage:67 - Waiting for the elementSearch
2022-11-07 08:41:10 INFO  BasePage:67 - Waiting for the elementSearch
2022-11-07 08:41:13 INFO  BasePage:67 - Waiting for the elementMumbai, Maharashtra
2022-11-07 08:55:51 INFO  BasePage:67 - Waiting for the elementSearch
2022-11-07 08:56:05 INFO  BasePage:67 - Waiting for the elementUsed
2022-11-07 08:56:06 INFO  BasePage:67 - Waiting for the elementSearch
2022-11-07 08:56:06 INFO  BasePage:67 - Waiting for the elementSearch
2022-11-07 08:56:11 INFO  BasePage:67 - Waiting for the elementBangalore, Karnataka
2022-11-07 08:56:23 INFO  BasePage:67 - Waiting for the elementUsed
2022-11-07 08:56:23 INFO  BasePage:67 - Waiting for the elementSearch
2022-11-07 08:56:23 INFO  BasePage:67 - Waiting for the elementSearch
2022-11-07 08:56:27 INFO  BasePage:67 - Waiting for the elementBangalore, Karnataka
2022-11-07 08:56:39 INFO  BasePage:67 - Waiting for the elementUsed
2022-11-07 08:56:40 INFO  BasePage:67 - Waiting for the elementSearch
2022-11-07 08:56:40 INFO  BasePage:67 - Waiting for the elementSearch
2022-11-07 08:56:44 INFO  BasePage:67 - Waiting for the elementMumbai, Maharashtra
2022-11-07 08:56:56 INFO  BasePage:67 - Waiting for the elementUsed
2022-11-07 08:56:56 INFO  BasePage:67 - Waiting for the elementSearch
2022-11-07 08:56:56 INFO  BasePage:67 - Waiting for the elementSearch
2022-11-07 08:57:00 INFO  BasePage:67 - Waiting for the elementMumbai, Maharashtra
2022-11-07 08:58:57 INFO  BasePage:67 - Waiting for the elementSearch
2022-11-07 08:58:57 INFO  BasePage:67 - Waiting for the elementSearch
2022-11-07 08:58:59 INFO  BasePage:67 - Waiting for the elementUsed
2022-11-07 08:59:00 INFO  BasePage:67 - Waiting for the elementView More Brands
2022-11-07 08:59:00 INFO  BasePage:67 - Waiting for the elementSearch
2022-11-07 08:59:01 INFO  BasePage:67 - Waiting for the elementSearch
2022-11-07 08:59:05 INFO  BasePage:67 - Waiting for the elementThiruvananthapuram, Kerala
2022-11-07 08:59:18 INFO  BasePage:67 - Waiting for the elementUsed
2022-11-07 08:59:18 INFO  BasePage:67 - Waiting for the elementSearch
2022-11-07 08:59:18 INFO  BasePage:67 - Waiting for the elementSearch
2022-11-07 08:59:22 INFO  BasePage:67 - Waiting for the elementDelhi, Delhi
2022-11-07 09:05:07 INFO  BasePage:67 - Waiting for the elementSearch
2022-11-07 09:05:07 INFO  BasePage:67 - Waiting for the elementSearch
2022-11-07 09:05:09 INFO  BasePage:67 - Waiting for the elementUsed
2022-11-07 09:05:10 INFO  BasePage:67 - Waiting for the elementSearch
2022-11-07 09:05:10 INFO  BasePage:67 - Waiting for the elementView More Brands
2022-11-07 09:05:10 INFO  BasePage:67 - Waiting for the elementSearch
2022-11-07 09:05:16 INFO  BasePage:67 - Waiting for the elementChennai, Tamil Nadu
2022-11-07 09:05:49 INFO  BasePage:67 - Waiting for the elementUsed
2022-11-07 09:05:49 INFO  BasePage:67 - Waiting for the elementSearch
2022-11-07 09:05:49 INFO  BasePage:67 - Waiting for the elementSearch
2022-11-07 09:05:54 INFO  BasePage:67 - Waiting for the elementDelhi, Delhi
2022-11-07 09:06:38 INFO  BasePage:67 - Waiting for the elementSearch
2022-11-07 09:06:38 INFO  BasePage:67 - Waiting for the elementSearch
2022-11-07 09:06:40 INFO  BasePage:67 - Waiting for the elementUsed
2022-11-07 09:06:40 INFO  BasePage:67 - Waiting for the elementView More Brands
2022-11-07 09:06:41 INFO  BasePage:67 - Waiting for the elementSearch
2022-11-07 09:06:41 INFO  BasePage:67 - Waiting for the elementSearch
2022-11-07 09:06:46 INFO  BasePage:67 - Waiting for the elementBangalore, Karnataka
2022-11-07 09:06:52 INFO  BasePage:67 - Waiting for the elementUsed
2022-11-07 09:06:52 INFO  BasePage:67 - Waiting for the elementSearch
2022-11-07 09:06:52 INFO  BasePage:67 - Waiting for the elementSearch
2022-11-07 09:06:56 INFO  BasePage:67 - Waiting for the elementChennai, Tamil Nadu
2022-11-07 09:08:41 INFO  BasePage:67 - Waiting for the elementSearch
2022-11-07 09:08:41 INFO  BasePage:67 - Waiting for the elementSearch
2022-11-07 09:08:43 INFO  BasePage:67 - Waiting for the elementUsed
2022-11-07 09:08:44 INFO  BasePage:67 - Waiting for the elementSearch
2022-11-07 09:08:44 INFO  BasePage:67 - Waiting for the elementView More Brands
2022-11-07 09:08:44 INFO  BasePage:67 - Waiting for the elementSearch
2022-11-07 09:08:48 INFO  BasePage:67 - Waiting for the elementMumbai, Maharashtra
2022-11-07 09:08:55 INFO  BasePage:67 - Waiting for the elementUsed
2022-11-07 09:08:56 INFO  BasePage:67 - Waiting for the elementSearch
2022-11-07 09:08:56 INFO  BasePage:67 - Waiting for the elementSearch
2022-11-07 09:09:00 INFO  BasePage:67 - Waiting for the elementDelhi, Delhi
2022-11-07 09:13:36 INFO  BasePage:67 - Waiting for the elementSearch
2022-11-07 09:13:36 INFO  BasePage:67 - Waiting for the elementSearch
2022-11-07 09:13:38 INFO  BasePage:67 - Waiting for the elementUsed
2022-11-07 09:13:38 INFO  BasePage:67 - Waiting for the elementSearch
2022-11-07 09:13:38 INFO  BasePage:67 - Waiting for the elementView More Brands
2022-11-07 09:13:38 INFO  BasePage:67 - Waiting for the elementSearch
2022-11-07 09:13:43 INFO  BasePage:67 - Waiting for the elementDelhi, Delhi
2022-11-07 09:13:48 INFO  BasePage:67 - Waiting for the elementUsed
2022-11-07 09:13:48 INFO  BasePage:67 - Waiting for the elementSearch
2022-11-07 09:13:48 INFO  BasePage:67 - Waiting for the elementSearch
2022-11-07 09:13:52 INFO  BasePage:67 - Waiting for the elementMumbai, Maharashtra
2022-11-07 09:22:14 INFO  BasePage:67 - Waiting for the elementSearch
2022-11-07 09:22:14 INFO  BasePage:67 - Waiting for the elementSearch
2022-11-07 09:22:15 INFO  BasePage:67 - Waiting for the elementUsed
2022-11-07 09:22:16 INFO  BasePage:67 - Waiting for the elementSearch
2022-11-07 09:22:16 INFO  BasePage:67 - Waiting for the elementSearch
2022-11-07 09:22:16 INFO  BasePage:67 - Waiting for the elementView More Brands
2022-11-07 09:22:21 INFO  BasePage:67 - Waiting for the elementThiruvananthapuram, Kerala
2022-11-07 09:22:27 INFO  BasePage:67 - Waiting for the elementUsed
2022-11-07 09:22:27 INFO  BasePage:67 - Waiting for the elementSearch
2022-11-07 09:22:27 INFO  BasePage:67 - Waiting for the elementSearch
2022-11-07 09:22:31 INFO  BasePage:67 - Waiting for the elementChennai, Tamil Nadu
2022-11-07 09:25:48 INFO  BasePage:67 - Waiting for the elementSearch
2022-11-07 09:25:48 INFO  BasePage:67 - Waiting for the elementSearch
2022-11-07 09:25:50 INFO  BasePage:67 - Waiting for the elementUsed
2022-11-07 09:25:50 INFO  BasePage:67 - Waiting for the elementView More Brands
2022-11-07 09:25:50 INFO  BasePage:67 - Waiting for the elementSearch
2022-11-07 09:25:51 INFO  BasePage:67 - Waiting for the elementSearch
2022-11-07 09:25:54 INFO  BasePage:67 - Waiting for the elementVisakhapatnam, Andhra Pradesh
2022-11-07 09:26:00 INFO  BasePage:67 - Waiting for the elementUsed
2022-11-07 09:26:01 INFO  BasePage:67 - Waiting for the elementSearch
2022-11-07 09:26:01 INFO  BasePage:67 - Waiting for the elementSearch
2022-11-07 09:26:05 INFO  BasePage:67 - Waiting for the elementVisakhapatnam, Andhra Pradesh
2022-11-07 09:27:49 INFO  BasePage:67 - Waiting for the elementSearch
2022-11-07 09:27:49 INFO  BasePage:67 - Waiting for the elementSearch
2022-11-07 09:27:51 INFO  BasePage:67 - Waiting for the elementUsed
2022-11-07 09:27:52 INFO  BasePage:67 - Waiting for the elementView More Brands
2022-11-07 09:27:52 INFO  BasePage:67 - Waiting for the elementSearch
2022-11-07 09:27:52 INFO  BasePage:67 - Waiting for the elementSearch
2022-11-07 09:27:57 INFO  BasePage:67 - Waiting for the elementVisakhapatnam, Andhra Pradesh
2022-11-07 09:28:02 INFO  BasePage:67 - Waiting for the elementUsed
2022-11-07 09:28:03 INFO  BasePage:67 - Waiting for the elementSearch
2022-11-07 09:28:03 INFO  BasePage:67 - Waiting for the elementSearch
2022-11-07 09:28:08 INFO  BasePage:67 - Waiting for the elementVisakhapatnam, Andhra Pradesh
2022-11-07 09:32:21 INFO  BasePage:67 - Waiting for the elementSearch
2022-11-07 09:32:21 INFO  BasePage:67 - Waiting for the elementSearch
2022-11-07 09:32:23 INFO  BasePage:67 - Waiting for the elementUsed
2022-11-07 09:32:24 INFO  BasePage:67 - Waiting for the elementSearch
2022-11-07 09:32:24 INFO  BasePage:67 - Waiting for the elementSearch
2022-11-07 09:32:24 INFO  BasePage:67 - Waiting for the elementView More Brands
2022-11-07 09:32:30 INFO  BasePage:67 - Waiting for the elementVisakhapatnam, Andhra Pradesh
2022-11-07 09:32:37 INFO  BasePage:67 - Waiting for the elementUsed
2022-11-07 09:32:38 INFO  BasePage:67 - Waiting for the elementSearch
2022-11-07 09:32:38 INFO  BasePage:67 - Waiting for the elementSearch
2022-11-07 09:32:42 INFO  BasePage:67 - Waiting for the elementThiruvananthapuram, Kerala
2022-11-07 10:54:28 INFO  BasePage:67 - Waiting for the elementSearch
2022-11-07 10:54:29 INFO  BasePage:67 - Waiting for the elementSearch
2022-11-07 10:54:30 INFO  BasePage:67 - Waiting for the elementUsed
2022-11-07 10:54:31 INFO  BasePage:67 - Waiting for the elementSearch
2022-11-07 10:54:31 INFO  BasePage:67 - Waiting for the elementSearch
2022-11-07 10:54:31 INFO  BasePage:67 - Waiting for the elementView More Brands
2022-11-07 10:54:35 INFO  BasePage:67 - Waiting for the elementVisakhapatnam, Andhra Pradesh
2022-11-07 10:54:41 INFO  BasePage:67 - Waiting for the elementUsed
2022-11-07 10:54:42 INFO  BasePage:67 - Waiting for the elementSearch
2022-11-07 10:54:42 INFO  BasePage:67 - Waiting for the elementSearch
2022-11-07 10:54:46 INFO  BasePage:67 - Waiting for the elementChennai, Tamil Nadu
2022-11-07 10:58:36 INFO  BasePage:67 - Waiting for the elementSearch
2022-11-07 10:58:36 INFO  BasePage:67 - Waiting for the elementSearch
2022-11-07 10:58:38 INFO  BasePage:67 - Waiting for the elementUsed
2022-11-07 10:58:39 INFO  BasePage:67 - Waiting for the elementSearch
2022-11-07 10:58:39 INFO  BasePage:67 - Waiting for the elementSearch
2022-11-07 10:58:40 INFO  BasePage:67 - Waiting for the elementView More Brands
2022-11-07 10:58:44 INFO  BasePage:67 - Waiting for the elementThiruvananthapuram, Kerala
2022-11-07 10:58:51 INFO  BasePage:67 - Waiting for the elementUsed
2022-11-07 10:58:51 INFO  BasePage:67 - Waiting for the elementSearch
2022-11-07 10:58:51 INFO  BasePage:67 - Waiting for the elementSearch
2022-11-07 10:58:55 INFO  BasePage:67 - Waiting for the elementDelhi, Delhi
2022-11-07 11:00:38 INFO  BasePage:67 - Waiting for the elementSearch
2022-11-07 11:00:38 INFO  BasePage:67 - Waiting for the elementSearch
2022-11-07 11:00:39 INFO  BasePage:67 - Waiting for the elementUsed
2022-11-07 11:00:40 INFO  BasePage:67 - Waiting for the elementSearch
2022-11-07 11:00:40 INFO  BasePage:67 - Waiting for the elementSearch
2022-11-07 11:00:40 INFO  BasePage:67 - Waiting for the elementView More Brands
2022-11-07 11:00:45 INFO  BasePage:67 - Waiting for the elementHyderabad, Telangana
2022-11-07 11:00:50 INFO  BasePage:67 - Waiting for the elementUsed
2022-11-07 11:00:51 INFO  BasePage:67 - Waiting for the elementSearch
2022-11-07 11:00:51 INFO  BasePage:67 - Waiting for the elementSearch
2022-11-07 11:00:55 INFO  BasePage:67 - Waiting for the elementDelhi, Delhi
2022-11-07 11:09:24 INFO  BasePage:67 - Waiting for the elementSearch
2022-11-07 11:09:24 INFO  BasePage:67 - Waiting for the elementSearch
2022-11-07 11:09:26 INFO  BasePage:67 - Waiting for the elementUsed
2022-11-07 11:09:27 INFO  BasePage:67 - Waiting for the elementSearch
2022-11-07 11:09:27 INFO  BasePage:67 - Waiting for the elementSearch
2022-11-07 11:09:27 INFO  BasePage:67 - Waiting for the elementView More Brands
2022-11-07 11:09:32 INFO  BasePage:67 - Waiting for the elementVisakhapatnam, Andhra Pradesh
2022-11-07 11:09:38 INFO  BasePage:67 - Waiting for the elementUsed
2022-11-07 11:09:38 INFO  BasePage:67 - Waiting for the elementSearch
2022-11-07 11:09:38 INFO  BasePage:67 - Waiting for the elementSearch
2022-11-07 11:09:43 INFO  BasePage:67 - Waiting for the elementMumbai, Maharashtra
2022-11-07 11:12:03 INFO  BasePage:67 - Waiting for the elementSearch
2022-11-07 11:12:03 INFO  BasePage:67 - Waiting for the elementSearch
2022-11-07 11:12:04 INFO  BasePage:67 - Waiting for the elementUsed
2022-11-07 11:12:06 INFO  BasePage:67 - Waiting for the elementSearch
2022-11-07 11:12:07 INFO  BasePage:67 - Waiting for the elementSearch
2022-11-07 11:12:07 INFO  BasePage:67 - Waiting for the elementView More Brands
2022-11-07 11:12:14 INFO  BasePage:67 - Waiting for the elementThiruvananthapuram, Kerala
2022-11-07 11:12:20 INFO  BasePage:67 - Waiting for the elementUsed
2022-11-07 11:12:21 INFO  BasePage:67 - Waiting for the elementSearch
2022-11-07 11:12:21 INFO  BasePage:67 - Waiting for the elementSearch
2022-11-07 11:12:27 INFO  BasePage:67 - Waiting for the elementKolkata, West Bengal
2022-11-07 11:23:24 INFO  BasePage:67 - Waiting for the elementSearch
2022-11-07 11:23:25 INFO  BasePage:67 - Waiting for the elementSearch
2022-11-07 11:23:27 INFO  BasePage:67 - Waiting for the elementUsed
2022-11-07 11:23:27 INFO  BasePage:67 - Waiting for the elementView More Brands
2022-11-07 11:23:28 INFO  BasePage:67 - Waiting for the elementSearch
2022-11-07 11:23:28 INFO  BasePage:67 - Waiting for the elementSearch
2022-11-07 11:23:32 INFO  BasePage:67 - Waiting for the elementKolkata, West Bengal
2022-11-07 11:23:37 INFO  BasePage:67 - Waiting for the elementUsed
2022-11-07 11:23:38 INFO  BasePage:67 - Waiting for the elementSearch
2022-11-07 11:23:38 INFO  BasePage:67 - Waiting for the elementSearch
2022-11-07 11:23:42 INFO  BasePage:67 - Waiting for the elementVisakhapatnam, Andhra Pradesh
2022-11-07 17:13:19 INFO  BasePage:67 - Waiting for the elementUsed
2022-11-07 17:13:20 INFO  BasePage:67 - Waiting for the elementSearch
2022-11-07 17:13:20 INFO  BasePage:67 - Waiting for the elementSearch
2022-11-07 17:13:27 INFO  BasePage:67 - Waiting for the elementBangalore, Karnataka
2022-11-07 17:13:34 INFO  BasePage:67 - Waiting for the elementUsed
2022-11-07 17:13:35 INFO  BasePage:67 - Waiting for the elementSearch
2022-11-07 17:13:35 INFO  BasePage:67 - Waiting for the elementSearch
2022-11-07 17:13:41 INFO  BasePage:67 - Waiting for the elementBangalore, Karnataka
2022-11-07 17:13:48 INFO  BasePage:67 - Waiting for the elementUsed
2022-11-07 17:13:48 INFO  BasePage:67 - Waiting for the elementSearch
2022-11-07 17:13:48 INFO  BasePage:67 - Waiting for the elementSearch
2022-11-07 17:13:56 INFO  BasePage:67 - Waiting for the elementMumbai, Maharashtra
2022-11-07 17:14:04 INFO  BasePage:67 - Waiting for the elementUsed
2022-11-07 17:14:04 INFO  BasePage:67 - Waiting for the elementSearch
2022-11-07 17:14:04 INFO  BasePage:67 - Waiting for the elementSearch
2022-11-07 17:14:11 INFO  BasePage:67 - Waiting for the elementMumbai, Maharashtra
2022-11-07 17:14:19 INFO  BasePage:67 - Waiting for the elementUsed
2022-11-07 17:14:19 INFO  BasePage:67 - Waiting for the elementSearch
2022-11-07 17:14:20 INFO  BasePage:67 - Waiting for the elementSearch
2022-11-07 17:14:24 INFO  BasePage:67 - Waiting for the elementChennai, Tamil Nadu
2022-11-07 17:14:32 INFO  BasePage:67 - Waiting for the elementUsed
2022-11-07 17:14:32 INFO  BasePage:67 - Waiting for the elementSearch
2022-11-07 17:14:32 INFO  BasePage:67 - Waiting for the elementSearch
2022-11-07 17:14:37 INFO  BasePage:67 - Waiting for the elementChennai, Tamil Nadu
2022-11-07 17:14:44 INFO  BasePage:67 - Waiting for the elementUsed
2022-11-07 17:14:44 INFO  BasePage:67 - Waiting for the elementSearch
2022-11-07 17:14:44 INFO  BasePage:67 - Waiting for the elementSearch
2022-11-07 17:14:49 INFO  BasePage:67 - Waiting for the elementHyderabad, Telangana
2022-11-07 17:14:57 INFO  BasePage:67 - Waiting for the elementUsed
2022-11-07 17:14:57 INFO  BasePage:67 - Waiting for the elementSearch
2022-11-07 17:14:57 INFO  BasePage:67 - Waiting for the elementSearch
2022-11-07 17:15:03 INFO  BasePage:67 - Waiting for the elementHyderabad, Telangana
2022-11-07 17:15:09 INFO  BasePage:67 - Waiting for the elementUsed
2022-11-07 17:15:10 INFO  BasePage:67 - Waiting for the elementSearch
2022-11-07 17:15:10 INFO  BasePage:67 - Waiting for the elementSearch
2022-11-07 17:15:15 INFO  BasePage:67 - Waiting for the elementDelhi, Delhi
2022-11-07 18:58:43 INFO  BasePage:67 - Waiting for the elementSearch
2022-11-07 18:58:43 INFO  BasePage:67 - Waiting for the elementSearch
2022-11-07 18:58:44 INFO  BasePage:67 - Waiting for the elementUsed
2022-11-07 18:58:46 INFO  BasePage:67 - Waiting for the elementSearch
2022-11-07 18:58:46 INFO  BasePage:67 - Waiting for the elementSearch
2022-11-07 18:58:48 INFO  BasePage:67 - Waiting for the elementView More Brands
2022-11-07 18:59:40 INFO  BasePage:67 - Waiting for the elementKolkata, West Bengal
2022-11-07 18:59:47 INFO  BasePage:67 - Waiting for the elementUsed
2022-11-07 18:59:48 INFO  BasePage:67 - Waiting for the elementSearch
2022-11-07 18:59:48 INFO  BasePage:67 - Waiting for the elementSearch
2022-11-07 18:59:55 INFO  BasePage:67 - Waiting for the elementThiruvananthapuram, Kerala
2022-11-08 12:28:46 INFO  BasePage:67 - Waiting for the elementUsed
2022-11-08 12:28:47 INFO  BasePage:67 - Waiting for the elementSearch
2022-11-08 12:28:47 INFO  BasePage:67 - Waiting for the elementSearch
2022-11-08 12:28:52 INFO  BasePage:67 - Waiting for the elementBangalore, Karnataka
2022-11-08 12:28:57 INFO  BasePage:67 - Waiting for the elementUsed
2022-11-08 12:28:58 INFO  BasePage:67 - Waiting for the elementSearch
2022-11-08 12:28:58 INFO  BasePage:67 - Waiting for the elementSearch
2022-11-08 12:29:02 INFO  BasePage:67 - Waiting for the elementHassan, Karnataka
2022-11-08 12:29:08 INFO  BasePage:67 - Waiting for the elementUsed
2022-11-08 12:29:08 INFO  BasePage:67 - Waiting for the elementSearch
2022-11-08 12:29:08 INFO  BasePage:67 - Waiting for the elementSearch
2022-11-08 12:29:13 INFO  BasePage:67 - Waiting for the elementMysore, Karnataka
2022-11-08 12:29:19 INFO  BasePage:67 - Waiting for the elementUsed
2022-11-08 12:29:19 INFO  BasePage:67 - Waiting for the elementSearch
2022-11-08 12:29:19 INFO  BasePage:67 - Waiting for the elementSearch
2022-11-08 12:29:23 INFO  BasePage:67 - Waiting for the elementMangalore, Karnataka
2022-11-08 12:29:28 INFO  BasePage:67 - Waiting for the elementUsed
2022-11-08 12:29:29 INFO  BasePage:67 - Waiting for the elementSearch
2022-11-08 12:29:29 INFO  BasePage:67 - Waiting for the elementSearch
2022-11-08 12:29:33 INFO  BasePage:67 - Waiting for the elementDurgaPur, West Bengal
2022-11-08 12:41:20 INFO  BasePage:67 - Waiting for the elementUsed
2022-11-08 12:41:21 INFO  BasePage:67 - Waiting for the elementSearch
2022-11-08 12:41:21 INFO  BasePage:67 - Waiting for the elementSearch
2022-11-08 12:41:26 INFO  BasePage:67 - Waiting for the elementBangalore, Karnataka
2022-11-08 12:41:34 INFO  BasePage:67 - Waiting for the elementUsed
2022-11-08 12:41:34 INFO  BasePage:67 - Waiting for the elementSearch
2022-11-08 12:41:34 INFO  BasePage:67 - Waiting for the elementSearch
2022-11-08 12:41:41 INFO  BasePage:67 - Waiting for the elementHassan, Karnataka
2022-11-08 12:41:48 INFO  BasePage:67 - Waiting for the elementUsed
2022-11-08 12:41:48 INFO  BasePage:67 - Waiting for the elementSearch
2022-11-08 12:41:48 INFO  BasePage:67 - Waiting for the elementSearch
2022-11-08 12:41:52 INFO  BasePage:67 - Waiting for the elementMysore, Karnataka
2022-11-08 12:41:58 INFO  BasePage:67 - Waiting for the elementUsed
2022-11-08 12:41:59 INFO  BasePage:67 - Waiting for the elementSearch
2022-11-08 12:41:59 INFO  BasePage:67 - Waiting for the elementSearch
2022-11-08 12:42:04 INFO  BasePage:67 - Waiting for the elementMangalore, Karnataka
2022-11-08 12:42:11 INFO  BasePage:67 - Waiting for the elementUsed
2022-11-08 12:42:11 INFO  BasePage:67 - Waiting for the elementSearch
2022-11-08 12:42:11 INFO  BasePage:67 - Waiting for the elementSearch
2022-11-08 12:42:16 INFO  BasePage:67 - Waiting for the elementDurgaPur, West Bengal
2022-11-08 12:43:34 INFO  BasePage:67 - Waiting for the elementUsed
2022-11-08 12:43:34 INFO  BasePage:67 - Waiting for the elementSearch
2022-11-08 12:43:34 INFO  BasePage:67 - Waiting for the elementSearch
2022-11-08 12:43:40 INFO  BasePage:67 - Waiting for the elementBangalore, Karnataka
2022-11-08 12:43:46 INFO  BasePage:67 - Waiting for the elementUsed
2022-11-08 12:43:47 INFO  BasePage:67 - Waiting for the elementSearch
2022-11-08 12:43:47 INFO  BasePage:67 - Waiting for the elementSearch
2022-11-08 12:43:52 INFO  BasePage:67 - Waiting for the elementHassan, Karnataka
2022-11-08 12:43:58 INFO  BasePage:67 - Waiting for the elementUsed
2022-11-08 12:43:58 INFO  BasePage:67 - Waiting for the elementSearch
2022-11-08 12:43:58 INFO  BasePage:67 - Waiting for the elementSearch
2022-11-08 12:44:03 INFO  BasePage:67 - Waiting for the elementMysore, Karnataka
2022-11-08 12:44:30 INFO  BasePage:67 - Waiting for the elementUsed
2022-11-08 12:44:30 INFO  BasePage:67 - Waiting for the elementSearch
2022-11-08 12:44:30 INFO  BasePage:67 - Waiting for the elementSearch
2022-11-08 12:44:36 INFO  BasePage:67 - Waiting for the elementMangalore, Karnataka
2022-11-08 12:45:03 INFO  BasePage:67 - Waiting for the elementUsed
2022-11-08 12:45:08 INFO  BasePage:67 - Waiting for the elementSearch
2022-11-08 12:45:08 INFO  BasePage:67 - Waiting for the elementSearch
2022-11-08 12:45:41 INFO  BasePage:67 - Waiting for the elementDurgaPur, West Bengal
2022-11-08 12:50:49 INFO  BasePage:67 - Waiting for the elementSearch
2022-11-08 12:50:50 INFO  BasePage:67 - Waiting for the elementUsed
2022-11-08 12:50:50 INFO  BasePage:67 - Waiting for the elementUsed
2022-11-08 12:50:51 INFO  BasePage:67 - Waiting for the elementUsed
2022-11-08 12:50:52 INFO  BasePage:67 - Waiting for the elementSearch
2022-11-08 12:50:52 INFO  BasePage:67 - Waiting for the elementUsed
2022-11-08 12:50:52 INFO  BasePage:67 - Waiting for the elementUsed
2022-11-08 12:50:52 INFO  BasePage:67 - Waiting for the elementSearch
2022-11-08 12:50:52 INFO  BasePage:67 - Waiting for the elementSearch
2022-11-08 12:50:53 INFO  BasePage:67 - Waiting for the elementSearch
2022-11-08 12:50:53 INFO  BasePage:67 - Waiting for the elementSearch
2022-11-08 12:50:54 INFO  BasePage:67 - Waiting for the elementSearch
2022-11-08 12:50:54 INFO  BasePage:67 - Waiting for the elementSearch
2022-11-08 12:50:54 INFO  BasePage:67 - Waiting for the elementSearch
2022-11-08 12:50:54 INFO  BasePage:67 - Waiting for the elementSearch
2022-11-08 12:50:55 INFO  BasePage:67 - Waiting for the elementSearch
2022-11-08 12:50:55 INFO  BasePage:67 - Waiting for the elementSearch
2022-11-08 12:50:58 INFO  BasePage:67 - Waiting for the elementView More Brands
2022-11-08 12:51:19 INFO  BasePage:67 - Waiting for the elementBangalore, Karnataka
2022-11-08 12:51:19 INFO  BasePage:67 - Waiting for the elementBangalore, Karnataka
2022-11-08 12:51:20 INFO  BasePage:67 - Waiting for the elementChennai, Tamil Nadu
2022-11-08 12:51:20 INFO  BasePage:67 - Waiting for the elementBangalore, Karnataka
2022-11-08 12:51:21 INFO  BasePage:67 - Waiting for the elementBangalore, Karnataka
2022-11-08 12:51:54 INFO  BasePage:67 - Waiting for the elementUsed
2022-11-08 12:51:55 INFO  BasePage:67 - Waiting for the elementUsed
2022-11-08 12:51:56 INFO  BasePage:67 - Waiting for the elementSearch
2022-11-08 12:51:56 INFO  BasePage:67 - Waiting for the elementSearch
2022-11-08 12:51:56 INFO  BasePage:67 - Waiting for the elementSearch
2022-11-08 12:51:56 INFO  BasePage:67 - Waiting for the elementUsed
2022-11-08 12:51:56 INFO  BasePage:67 - Waiting for the elementUsed
2022-11-08 12:51:56 INFO  BasePage:67 - Waiting for the elementSearch
2022-11-08 12:51:57 INFO  BasePage:67 - Waiting for the elementSearch
2022-11-08 12:51:57 INFO  BasePage:67 - Waiting for the elementUsed
2022-11-08 12:51:57 INFO  BasePage:67 - Waiting for the elementSearch
2022-11-08 12:51:57 INFO  BasePage:67 - Waiting for the elementSearch
2022-11-08 12:51:58 INFO  BasePage:67 - Waiting for the elementSearch
2022-11-08 12:52:00 INFO  BasePage:67 - Waiting for the elementSearch
2022-11-08 12:52:00 INFO  BasePage:67 - Waiting for the elementSearch
2022-11-08 12:52:15 INFO  BasePage:67 - Waiting for the elementMumbai, Maharashtra
2022-11-08 12:52:18 INFO  BasePage:67 - Waiting for the elementBangalore, Karnataka
2022-11-08 12:52:20 INFO  BasePage:67 - Waiting for the elementBangalore, Karnataka
2022-11-08 12:52:34 INFO  BasePage:67 - Waiting for the elementDelhi, Delhi
2022-11-08 12:52:53 INFO  BasePage:67 - Waiting for the elementUsed
2022-11-08 12:52:54 INFO  BasePage:67 - Waiting for the elementSearch
2022-11-08 12:52:54 INFO  BasePage:67 - Waiting for the elementSearch
2022-11-08 12:52:55 INFO  BasePage:67 - Waiting for the elementUsed
2022-11-08 12:52:55 INFO  BasePage:67 - Waiting for the elementUsed
2022-11-08 12:52:56 INFO  BasePage:67 - Waiting for the elementSearch
2022-11-08 12:52:56 INFO  BasePage:67 - Waiting for the elementSearch
2022-11-08 12:52:56 INFO  BasePage:67 - Waiting for the elementSearch
2022-11-08 12:52:56 INFO  BasePage:67 - Waiting for the elementSearch
2022-11-08 12:53:06 INFO  BasePage:67 - Waiting for the elementChennai, Tamil Nadu
2022-11-08 12:53:09 INFO  BasePage:67 - Waiting for the elementHassan, Karnataka
2022-11-08 12:53:09 INFO  BasePage:67 - Waiting for the elementMumbai, Maharashtra
2022-11-08 12:53:18 INFO  BasePage:67 - Waiting for the elementUsed
2022-11-08 12:53:19 INFO  BasePage:67 - Waiting for the elementSearch
2022-11-08 12:53:19 INFO  BasePage:67 - Waiting for the elementSearch
2022-11-08 12:53:20 INFO  BasePage:67 - Waiting for the elementUsed
2022-11-08 12:53:20 INFO  BasePage:67 - Waiting for the elementUsed
2022-11-08 12:53:21 INFO  BasePage:67 - Waiting for the elementSearch
2022-11-08 12:53:21 INFO  BasePage:67 - Waiting for the elementSearch
2022-11-08 12:53:21 INFO  BasePage:67 - Waiting for the elementSearch
2022-11-08 12:53:21 INFO  BasePage:67 - Waiting for the elementSearch
2022-11-08 12:53:28 INFO  BasePage:67 - Waiting for the elementHyderabad, Telangana
2022-11-08 12:53:30 INFO  BasePage:67 - Waiting for the elementMumbai, Maharashtra
2022-11-08 12:53:31 INFO  BasePage:67 - Waiting for the elementHassan, Karnataka
2022-11-08 12:53:40 INFO  BasePage:67 - Waiting for the elementUsed
2022-11-08 12:53:40 INFO  BasePage:67 - Waiting for the elementSearch
2022-11-08 12:53:40 INFO  BasePage:67 - Waiting for the elementSearch
2022-11-08 12:53:41 INFO  BasePage:67 - Waiting for the elementUsed
2022-11-08 12:53:42 INFO  BasePage:67 - Waiting for the elementSearch
2022-11-08 12:53:42 INFO  BasePage:67 - Waiting for the elementSearch
2022-11-08 12:53:48 INFO  BasePage:67 - Waiting for the elementDelhi, Delhi
2022-11-08 12:53:49 INFO  BasePage:67 - Waiting for the elementMysore, Karnataka
2022-11-08 12:53:56 INFO  BasePage:67 - Waiting for the elementUsed
2022-11-08 12:53:56 INFO  BasePage:67 - Waiting for the elementSearch
2022-11-08 12:53:56 INFO  BasePage:67 - Waiting for the elementSearch
2022-11-08 12:54:00 INFO  BasePage:67 - Waiting for the elementMysore, Karnataka
2022-11-08 12:54:10 INFO  BasePage:67 - Waiting for the elementUsed
2022-11-08 12:54:10 INFO  BasePage:67 - Waiting for the elementSearch
2022-11-08 12:54:10 INFO  BasePage:67 - Waiting for the elementSearch
2022-11-08 12:54:14 INFO  BasePage:67 - Waiting for the elementMangalore, Karnataka
2022-11-08 12:54:20 INFO  BasePage:67 - Waiting for the elementUsed
2022-11-08 12:54:20 INFO  BasePage:67 - Waiting for the elementSearch
2022-11-08 12:54:20 INFO  BasePage:67 - Waiting for the elementSearch
2022-11-08 12:54:24 INFO  BasePage:67 - Waiting for the elementMangalore, Karnataka
2022-11-08 12:54:31 INFO  BasePage:67 - Waiting for the elementUsed
2022-11-08 12:54:32 INFO  BasePage:67 - Waiting for the elementSearch
2022-11-08 12:54:32 INFO  BasePage:67 - Waiting for the elementSearch
2022-11-08 12:54:37 INFO  BasePage:67 - Waiting for the elementDurgaPur, West Bengal
2022-11-08 12:54:43 INFO  BasePage:67 - Waiting for the elementUsed
2022-11-08 12:54:43 INFO  BasePage:67 - Waiting for the elementSearch
2022-11-08 12:54:43 INFO  BasePage:67 - Waiting for the elementSearch
2022-11-08 12:54:48 INFO  BasePage:67 - Waiting for the elementDurgaPur, West Bengal
2022-11-08 12:57:02 INFO  BasePage:67 - Waiting for the elementUsed
2022-11-08 12:57:03 INFO  BasePage:67 - Waiting for the elementSearch
2022-11-08 12:57:03 INFO  BasePage:67 - Waiting for the elementSearch
2022-11-08 12:57:07 INFO  BasePage:67 - Waiting for the elementMumbai, Maharashtra
2022-11-08 12:57:12 INFO  BasePage:67 - Waiting for the elementUsed
2022-11-08 12:57:13 INFO  BasePage:67 - Waiting for the elementSearch
2022-11-08 12:57:13 INFO  BasePage:67 - Waiting for the elementSearch
2022-11-08 12:57:16 INFO  BasePage:67 - Waiting for the elementChennai, Tamil Nadu
2022-11-08 12:57:22 INFO  BasePage:67 - Waiting for the elementUsed
2022-11-08 12:57:23 INFO  BasePage:67 - Waiting for the elementSearch
2022-11-08 12:57:23 INFO  BasePage:67 - Waiting for the elementSearch
2022-11-08 12:57:26 INFO  BasePage:67 - Waiting for the elementHyderabad, Telangana
2022-11-08 12:57:32 INFO  BasePage:67 - Waiting for the elementUsed
2022-11-08 12:57:33 INFO  BasePage:67 - Waiting for the elementSearch
2022-11-08 12:57:33 INFO  BasePage:67 - Waiting for the elementSearch
2022-11-08 12:57:39 INFO  BasePage:67 - Waiting for the elementDelhi, Delhi
2022-11-08 13:30:17 INFO  BasePage:67 - Waiting for the elementUsed
2022-11-08 13:30:17 INFO  BasePage:67 - Waiting for the elementUsed
2022-11-08 13:30:17 INFO  BasePage:67 - Waiting for the elementUsed
2022-11-08 13:30:19 INFO  BasePage:67 - Waiting for the elementSearch
2022-11-08 13:30:20 INFO  BasePage:67 - Waiting for the elementSearch
2022-11-08 13:30:20 INFO  BasePage:67 - Waiting for the elementSearch
2022-11-08 13:30:20 INFO  BasePage:67 - Waiting for the elementSearch
2022-11-08 13:30:21 INFO  BasePage:67 - Waiting for the elementSearch
2022-11-08 13:30:21 INFO  BasePage:67 - Waiting for the elementUsed
2022-11-08 13:30:21 INFO  BasePage:67 - Waiting for the elementSearch
2022-11-08 13:30:21 INFO  BasePage:67 - Waiting for the elementSearch
2022-11-08 13:30:21 INFO  BasePage:67 - Waiting for the elementSearch
2022-11-08 13:30:21 INFO  BasePage:67 - Waiting for the elementUsed
2022-11-08 13:30:25 INFO  BasePage:67 - Waiting for the elementSearch
2022-11-08 13:30:26 INFO  BasePage:67 - Waiting for the elementSearch
2022-11-08 13:30:27 INFO  BasePage:67 - Waiting for the elementSearch
2022-11-08 13:30:27 INFO  BasePage:67 - Waiting for the elementSearch
2022-11-08 13:30:28 INFO  BasePage:67 - Waiting for the elementView More Brands
2022-11-08 13:30:57 INFO  BasePage:67 - Waiting for the elementBangalore, Karnataka
2022-11-08 13:30:58 INFO  BasePage:67 - Waiting for the elementVisakhapatnam, Andhra Pradesh
2022-11-08 13:30:58 INFO  BasePage:67 - Waiting for the elementBangalore, Karnataka
2022-11-08 13:30:59 INFO  BasePage:67 - Waiting for the elementBangalore, Karnataka
2022-11-08 13:31:00 INFO  BasePage:67 - Waiting for the elementBangalore, Karnataka
2022-11-08 13:31:13 INFO  BasePage:67 - Waiting for the elementUsed
2022-11-08 13:31:15 INFO  BasePage:67 - Waiting for the elementSearch
2022-11-08 13:31:15 INFO  BasePage:67 - Waiting for the elementSearch
2022-11-08 13:31:16 INFO  BasePage:67 - Waiting for the elementUsed
2022-11-08 13:31:16 INFO  BasePage:67 - Waiting for the elementUsed
2022-11-08 13:31:17 INFO  BasePage:67 - Waiting for the elementUsed
2022-11-08 13:31:17 INFO  BasePage:67 - Waiting for the elementSearch
2022-11-08 13:31:18 INFO  BasePage:67 - Waiting for the elementSearch
2022-11-08 13:31:18 INFO  BasePage:67 - Waiting for the elementSearch
2022-11-08 13:31:18 INFO  BasePage:67 - Waiting for the elementSearch
2022-11-08 13:31:18 INFO  BasePage:67 - Waiting for the elementSearch
2022-11-08 13:31:18 INFO  BasePage:67 - Waiting for the elementSearch
2022-11-08 13:31:20 INFO  BasePage:67 - Waiting for the elementUsed
2022-11-08 13:31:22 INFO  BasePage:67 - Waiting for the elementSearch
2022-11-08 13:31:22 INFO  BasePage:67 - Waiting for the elementSearch
2022-11-08 13:31:39 INFO  BasePage:67 - Waiting for the elementMumbai, Maharashtra
2022-11-08 13:31:39 INFO  BasePage:67 - Waiting for the elementThiruvananthapuram, Kerala
2022-11-08 13:31:43 INFO  BasePage:67 - Waiting for the elementBangalore, Karnataka
2022-11-08 13:31:43 INFO  BasePage:67 - Waiting for the elementBangalore, Karnataka
2022-11-08 13:31:43 INFO  BasePage:67 - Waiting for the elementMumbai, Maharashtra
2022-11-08 13:31:54 INFO  BasePage:67 - Waiting for the elementUsed
2022-11-08 13:31:54 INFO  BasePage:67 - Waiting for the elementUsed
2022-11-08 13:31:55 INFO  BasePage:67 - Waiting for the elementUsed
2022-11-08 13:31:55 INFO  BasePage:67 - Waiting for the elementSearch
2022-11-08 13:31:55 INFO  BasePage:67 - Waiting for the elementSearch
2022-11-08 13:31:55 INFO  BasePage:67 - Waiting for the elementSearch
2022-11-08 13:31:56 INFO  BasePage:67 - Waiting for the elementSearch
2022-11-08 13:31:56 INFO  BasePage:67 - Waiting for the elementSearch
2022-11-08 13:31:56 INFO  BasePage:67 - Waiting for the elementSearch
2022-11-08 13:31:57 INFO  BasePage:67 - Waiting for the elementUsed
2022-11-08 13:31:58 INFO  BasePage:67 - Waiting for the elementSearch
2022-11-08 13:31:58 INFO  BasePage:67 - Waiting for the elementSearch
2022-11-08 13:32:08 INFO  BasePage:67 - Waiting for the elementChennai, Tamil Nadu
2022-11-08 13:32:09 INFO  BasePage:67 - Waiting for the elementHassan, Karnataka
2022-11-08 13:32:10 INFO  BasePage:67 - Waiting for the elementMumbai, Maharashtra
2022-11-08 13:32:11 INFO  BasePage:67 - Waiting for the elementChennai, Tamil Nadu
2022-11-08 13:32:21 INFO  BasePage:67 - Waiting for the elementUsed
2022-11-08 13:32:22 INFO  BasePage:67 - Waiting for the elementUsed
2022-11-08 13:32:23 INFO  BasePage:67 - Waiting for the elementSearch
2022-11-08 13:32:23 INFO  BasePage:67 - Waiting for the elementSearch
2022-11-08 13:32:23 INFO  BasePage:67 - Waiting for the elementSearch
2022-11-08 13:32:23 INFO  BasePage:67 - Waiting for the elementSearch
2022-11-08 13:32:23 INFO  BasePage:67 - Waiting for the elementUsed
2022-11-08 13:32:25 INFO  BasePage:67 - Waiting for the elementSearch
2022-11-08 13:32:25 INFO  BasePage:67 - Waiting for the elementSearch
2022-11-08 13:32:25 INFO  BasePage:67 - Waiting for the elementUsed
2022-11-08 13:32:26 INFO  BasePage:67 - Waiting for the elementSearch
2022-11-08 13:32:27 INFO  BasePage:67 - Waiting for the elementSearch
2022-11-08 13:32:35 INFO  BasePage:67 - Waiting for the elementHyderabad, Telangana
2022-11-08 13:32:36 INFO  BasePage:67 - Waiting for the elementHassan, Karnataka
2022-11-08 13:32:39 INFO  BasePage:67 - Waiting for the elementMumbai, Maharashtra
2022-11-08 13:32:40 INFO  BasePage:67 - Waiting for the elementHyderabad, Telangana
2022-11-08 13:32:49 INFO  BasePage:67 - Waiting for the elementUsed
2022-11-08 13:32:50 INFO  BasePage:67 - Waiting for the elementUsed
2022-11-08 13:32:50 INFO  BasePage:67 - Waiting for the elementSearch
2022-11-08 13:32:50 INFO  BasePage:67 - Waiting for the elementSearch
2022-11-08 13:32:51 INFO  BasePage:67 - Waiting for the elementSearch
2022-11-08 13:32:51 INFO  BasePage:67 - Waiting for the elementSearch
2022-11-08 13:32:55 INFO  BasePage:67 - Waiting for the elementUsed
2022-11-08 13:32:56 INFO  BasePage:67 - Waiting for the elementSearch
2022-11-08 13:32:56 INFO  BasePage:67 - Waiting for the elementSearch
2022-11-08 13:33:00 INFO  BasePage:67 - Waiting for the elementDelhi, Delhi
2022-11-08 13:33:00 INFO  BasePage:67 - Waiting for the elementMysore, Karnataka
2022-11-08 13:33:05 INFO  BasePage:67 - Waiting for the elementDelhi, Delhi
2022-11-08 13:33:34 INFO  BasePage:67 - Waiting for the elementUsed
2022-11-08 13:33:34 INFO  BasePage:67 - Waiting for the elementSearch
2022-11-08 13:33:34 INFO  BasePage:67 - Waiting for the elementSearch
2022-11-08 13:33:40 INFO  BasePage:67 - Waiting for the elementMysore, Karnataka
2022-11-08 13:34:08 INFO  BasePage:67 - Waiting for the elementUsed
2022-11-08 13:34:08 INFO  BasePage:67 - Waiting for the elementSearch
2022-11-08 13:34:08 INFO  BasePage:67 - Waiting for the elementSearch
2022-11-08 13:34:13 INFO  BasePage:67 - Waiting for the elementMangalore, Karnataka
2022-11-08 13:34:40 INFO  BasePage:67 - Waiting for the elementUsed
2022-11-08 13:34:40 INFO  BasePage:67 - Waiting for the elementSearch
2022-11-08 13:34:40 INFO  BasePage:67 - Waiting for the elementSearch
2022-11-08 13:34:46 INFO  BasePage:67 - Waiting for the elementMangalore, Karnataka
2022-11-08 13:34:53 INFO  BasePage:67 - Waiting for the elementUsed
2022-11-08 13:34:53 INFO  BasePage:67 - Waiting for the elementSearch
2022-11-08 13:34:53 INFO  BasePage:67 - Waiting for the elementSearch
2022-11-08 13:34:58 INFO  BasePage:67 - Waiting for the elementDurgaPur, West Bengal
2022-11-08 13:35:04 INFO  BasePage:67 - Waiting for the elementUsed
2022-11-08 13:35:04 INFO  BasePage:67 - Waiting for the elementSearch
2022-11-08 13:35:04 INFO  BasePage:67 - Waiting for the elementSearch
2022-11-08 13:35:12 INFO  BasePage:67 - Waiting for the elementDurgaPur, West Bengal
2022-11-08 13:35:20 INFO  BasePage:67 - Waiting for the elementUsed
2022-11-08 13:35:20 INFO  BasePage:67 - Waiting for the elementSearch
2022-11-08 13:35:20 INFO  BasePage:67 - Waiting for the elementSearch
2022-11-08 13:35:26 INFO  BasePage:67 - Waiting for the elementHyderabad, Telangana
2022-11-08 13:55:22 INFO  BasePage:67 - Waiting for the elementUsed
2022-11-08 13:55:22 INFO  BasePage:67 - Waiting for the elementSearch
2022-11-08 13:55:22 INFO  BasePage:67 - Waiting for the elementSearch
2022-11-08 13:55:29 INFO  BasePage:67 - Waiting for the elementBangalore, Karnataka
2022-11-08 13:55:57 INFO  BasePage:67 - Waiting for the elementUsed
2022-11-08 13:55:57 INFO  BasePage:67 - Waiting for the elementSearch
2022-11-08 13:55:57 INFO  BasePage:67 - Waiting for the elementSearch
2022-11-08 13:56:05 INFO  BasePage:67 - Waiting for the elementBangalore, Karnataka
2022-11-08 13:56:32 INFO  BasePage:67 - Waiting for the elementUsed
2022-11-08 13:56:33 INFO  BasePage:67 - Waiting for the elementSearch
2022-11-08 13:56:33 INFO  BasePage:67 - Waiting for the elementSearch
2022-11-08 13:56:41 INFO  BasePage:67 - Waiting for the elementMumbai, Maharashtra
2022-11-08 13:56:48 INFO  BasePage:67 - Waiting for the elementUsed
2022-11-08 13:56:48 INFO  BasePage:67 - Waiting for the elementSearch
2022-11-08 13:56:48 INFO  BasePage:67 - Waiting for the elementSearch
2022-11-08 13:56:54 INFO  BasePage:67 - Waiting for the elementMumbai, Maharashtra
2022-11-08 13:57:00 INFO  BasePage:67 - Waiting for the elementUsed
2022-11-08 13:57:01 INFO  BasePage:67 - Waiting for the elementSearch
2022-11-08 13:57:01 INFO  BasePage:67 - Waiting for the elementSearch
2022-11-08 13:57:06 INFO  BasePage:67 - Waiting for the elementChennai, Tamil Nadu
2022-11-08 13:57:13 INFO  BasePage:67 - Waiting for the elementUsed
2022-11-08 13:57:13 INFO  BasePage:67 - Waiting for the elementSearch
2022-11-08 13:57:13 INFO  BasePage:67 - Waiting for the elementSearch
2022-11-08 13:57:18 INFO  BasePage:67 - Waiting for the elementChennai, Tamil Nadu
2022-11-08 13:57:24 INFO  BasePage:67 - Waiting for the elementUsed
2022-11-08 13:57:25 INFO  BasePage:67 - Waiting for the elementSearch
2022-11-08 13:57:25 INFO  BasePage:67 - Waiting for the elementSearch
2022-11-08 13:57:30 INFO  BasePage:67 - Waiting for the elementHyderabad, Telangana
2022-11-08 13:57:35 INFO  BasePage:67 - Waiting for the elementUsed
2022-11-08 13:57:36 INFO  BasePage:67 - Waiting for the elementSearch
2022-11-08 13:57:36 INFO  BasePage:67 - Waiting for the elementSearch
2022-11-08 13:57:42 INFO  BasePage:67 - Waiting for the elementDelhi, Delhi
2022-11-08 13:57:48 INFO  BasePage:67 - Waiting for the elementUsed
2022-11-08 13:57:49 INFO  BasePage:67 - Waiting for the elementSearch
2022-11-08 13:57:49 INFO  BasePage:67 - Waiting for the elementSearch
2022-11-08 13:57:53 INFO  BasePage:67 - Waiting for the elementDelhi, Delhi
2022-11-08 14:03:39 INFO  BasePage:67 - Waiting for the elementUsed
2022-11-08 14:03:40 INFO  BasePage:67 - Waiting for the elementSearch
2022-11-08 14:03:40 INFO  BasePage:67 - Waiting for the elementSearch
2022-11-08 14:03:40 INFO  BasePage:67 - Waiting for the elementUsed
2022-11-08 14:03:41 INFO  BasePage:67 - Waiting for the elementSearch
2022-11-08 14:03:41 INFO  BasePage:67 - Waiting for the elementSearch
2022-11-08 14:03:41 INFO  BasePage:67 - Waiting for the elementUsed
2022-11-08 14:03:41 INFO  BasePage:67 - Waiting for the elementSearch
2022-11-08 14:03:41 INFO  BasePage:67 - Waiting for the elementSearch
2022-11-08 14:03:44 INFO  BasePage:67 - Waiting for the elementSearch
2022-11-08 14:03:45 INFO  BasePage:67 - Waiting for the elementSearch
2022-11-08 14:03:45 INFO  BasePage:67 - Waiting for the elementView More Brands
2022-11-08 14:03:59 INFO  BasePage:67 - Waiting for the elementBangalore, Karnataka
2022-11-08 14:03:59 INFO  BasePage:67 - Waiting for the elementKolkata, West Bengal
2022-11-08 14:04:00 INFO  BasePage:67 - Waiting for the elementUsed
2022-11-08 14:04:01 INFO  BasePage:67 - Waiting for the elementSearch
2022-11-08 14:04:01 INFO  BasePage:67 - Waiting for the elementSearch
2022-11-08 14:04:05 INFO  BasePage:67 - Waiting for the elementBangalore, Karnataka
2022-11-08 14:04:09 INFO  BasePage:67 - Waiting for the elementUsed
2022-11-08 14:04:09 INFO  BasePage:67 - Waiting for the elementUsed
2022-11-08 14:04:10 INFO  BasePage:67 - Waiting for the elementSearch
2022-11-08 14:04:10 INFO  BasePage:67 - Waiting for the elementSearch
2022-11-08 14:04:10 INFO  BasePage:67 - Waiting for the elementSearch
2022-11-08 14:04:11 INFO  BasePage:67 - Waiting for the elementSearch
2022-11-08 14:04:15 INFO  BasePage:67 - Waiting for the elementUsed
2022-11-08 14:04:15 INFO  BasePage:67 - Waiting for the elementBangalore, Karnataka
2022-11-08 14:04:17 INFO  BasePage:67 - Waiting for the elementSearch
2022-11-08 14:04:18 INFO  BasePage:67 - Waiting for the elementSearch
2022-11-08 14:04:23 INFO  BasePage:67 - Waiting for the elementUsed
2022-11-08 14:04:24 INFO  BasePage:67 - Waiting for the elementSearch
2022-11-08 14:04:24 INFO  BasePage:67 - Waiting for the elementSearch
2022-11-08 14:04:29 INFO  BasePage:67 - Waiting for the elementBangalore, Karnataka
2022-11-08 14:04:31 INFO  BasePage:67 - Waiting for the elementBangalore, Karnataka
2022-11-08 14:04:35 INFO  BasePage:67 - Waiting for the elementUsed
2022-11-08 14:04:36 INFO  BasePage:67 - Waiting for the elementHyderabad, Telangana
2022-11-08 14:04:36 INFO  BasePage:67 - Waiting for the elementSearch
2022-11-08 14:04:37 INFO  BasePage:67 - Waiting for the elementSearch
2022-11-08 14:04:42 INFO  BasePage:67 - Waiting for the elementMumbai, Maharashtra
2022-11-08 14:04:50 INFO  BasePage:67 - Waiting for the elementUsed
2022-11-08 14:04:51 INFO  BasePage:67 - Waiting for the elementSearch
2022-11-08 14:04:51 INFO  BasePage:67 - Waiting for the elementSearch
2022-11-08 14:04:52 INFO  BasePage:67 - Waiting for the elementUsed
2022-11-08 14:04:53 INFO  BasePage:67 - Waiting for the elementUsed
2022-11-08 14:04:54 INFO  BasePage:67 - Waiting for the elementSearch
2022-11-08 14:04:54 INFO  BasePage:67 - Waiting for the elementSearch
2022-11-08 14:04:55 INFO  BasePage:67 - Waiting for the elementSearch
2022-11-08 14:04:55 INFO  BasePage:67 - Waiting for the elementMumbai, Maharashtra
2022-11-08 14:04:56 INFO  BasePage:67 - Waiting for the elementSearch
2022-11-08 14:05:01 INFO  BasePage:67 - Waiting for the elementUsed
2022-11-08 14:05:02 INFO  BasePage:67 - Waiting for the elementSearch
2022-11-08 14:05:03 INFO  BasePage:67 - Waiting for the elementSearch
2022-11-08 14:05:08 INFO  BasePage:67 - Waiting for the elementUsed
2022-11-08 14:05:10 INFO  BasePage:67 - Waiting for the elementSearch
2022-11-08 14:05:10 INFO  BasePage:67 - Waiting for the elementBangalore, Karnataka
2022-11-08 14:05:10 INFO  BasePage:67 - Waiting for the elementMumbai, Maharashtra
2022-11-08 14:05:10 INFO  BasePage:67 - Waiting for the elementSearch
2022-11-08 14:05:11 INFO  BasePage:67 - Waiting for the elementBangalore, Karnataka
2022-11-08 14:05:15 INFO  BasePage:67 - Waiting for the elementChennai, Tamil Nadu
2022-11-08 14:05:24 INFO  BasePage:67 - Waiting for the elementChennai, Tamil Nadu
2022-11-08 14:05:26 INFO  BasePage:67 - Waiting for the elementUsed
2022-11-08 14:05:27 INFO  BasePage:67 - Waiting for the elementUsed
2022-11-08 14:05:27 INFO  BasePage:67 - Waiting for the elementSearch
2022-11-08 14:05:27 INFO  BasePage:67 - Waiting for the elementSearch
2022-11-08 14:05:28 INFO  BasePage:67 - Waiting for the elementUsed
2022-11-08 14:05:28 INFO  BasePage:67 - Waiting for the elementSearch
2022-11-08 14:05:28 INFO  BasePage:67 - Waiting for the elementSearch
2022-11-08 14:05:29 INFO  BasePage:67 - Waiting for the elementSearch
2022-11-08 14:05:29 INFO  BasePage:67 - Waiting for the elementSearch
2022-11-08 14:05:31 INFO  BasePage:67 - Waiting for the elementUsed
2022-11-08 14:05:32 INFO  BasePage:67 - Waiting for the elementSearch
2022-11-08 14:05:32 INFO  BasePage:67 - Waiting for the elementSearch
2022-11-08 14:05:41 INFO  BasePage:67 - Waiting for the elementMumbai, Maharashtra
2022-11-08 14:05:41 INFO  BasePage:67 - Waiting for the elementMumbai, Maharashtra
2022-11-08 14:05:42 INFO  BasePage:67 - Waiting for the elementBangalore, Karnataka
2022-11-08 14:05:44 INFO  BasePage:67 - Waiting for the elementHyderabad, Telangana
2022-11-08 14:06:01 INFO  BasePage:67 - Waiting for the elementUsed
2022-11-08 14:06:01 INFO  BasePage:67 - Waiting for the elementSearch
2022-11-08 14:06:01 INFO  BasePage:67 - Waiting for the elementSearch
2022-11-08 14:06:06 INFO  BasePage:67 - Waiting for the elementHyderabad, Telangana
2022-11-08 14:06:12 INFO  BasePage:67 - Waiting for the elementUsed
2022-11-08 14:06:13 INFO  BasePage:67 - Waiting for the elementSearch
2022-11-08 14:06:13 INFO  BasePage:67 - Waiting for the elementSearch
2022-11-08 14:06:14 INFO  BasePage:67 - Waiting for the elementUsed
2022-11-08 14:06:14 INFO  BasePage:67 - Waiting for the elementSearch
2022-11-08 14:06:15 INFO  BasePage:67 - Waiting for the elementSearch
2022-11-08 14:06:15 INFO  BasePage:67 - Waiting for the elementUsed
2022-11-08 14:06:15 INFO  BasePage:67 - Waiting for the elementSearch
2022-11-08 14:06:15 INFO  BasePage:67 - Waiting for the elementSearch
2022-11-08 14:06:23 INFO  BasePage:67 - Waiting for the elementMumbai, Maharashtra
2022-11-08 14:06:29 INFO  BasePage:67 - Waiting for the elementDelhi, Delhi
2022-11-08 14:06:30 INFO  BasePage:67 - Waiting for the elementHassan, Karnataka
2022-11-08 14:06:33 INFO  BasePage:67 - Waiting for the elementUsed
2022-11-08 14:06:34 INFO  BasePage:67 - Waiting for the elementSearch
2022-11-08 14:06:34 INFO  BasePage:67 - Waiting for the elementSearch
2022-11-08 14:06:40 INFO  BasePage:67 - Waiting for the elementDelhi, Delhi
2022-11-08 14:07:01 INFO  BasePage:67 - Waiting for the elementUsed
2022-11-08 14:07:01 INFO  BasePage:67 - Waiting for the elementSearch
2022-11-08 14:07:01 INFO  BasePage:67 - Waiting for the elementSearch
2022-11-08 14:07:02 INFO  BasePage:67 - Waiting for the elementUsed
2022-11-08 14:07:02 INFO  BasePage:67 - Waiting for the elementSearch
2022-11-08 14:07:02 INFO  BasePage:67 - Waiting for the elementSearch
2022-11-08 14:07:06 INFO  BasePage:67 - Waiting for the elementChennai, Tamil Nadu
2022-11-08 14:07:08 INFO  BasePage:67 - Waiting for the elementHassan, Karnataka
2022-11-08 14:07:13 INFO  BasePage:67 - Waiting for the elementUsed
2022-11-08 14:07:13 INFO  BasePage:67 - Waiting for the elementSearch
2022-11-08 14:07:13 INFO  BasePage:67 - Waiting for the elementSearch
2022-11-08 14:07:18 INFO  BasePage:67 - Waiting for the elementChennai, Tamil Nadu
2022-11-08 14:07:36 INFO  BasePage:67 - Waiting for the elementUsed
2022-11-08 14:07:36 INFO  BasePage:67 - Waiting for the elementSearch
2022-11-08 14:07:36 INFO  BasePage:67 - Waiting for the elementSearch
2022-11-08 14:07:40 INFO  BasePage:67 - Waiting for the elementMysore, Karnataka
2022-11-08 14:07:46 INFO  BasePage:67 - Waiting for the elementUsed
2022-11-08 14:07:46 INFO  BasePage:67 - Waiting for the elementSearch
2022-11-08 14:07:46 INFO  BasePage:67 - Waiting for the elementSearch
2022-11-08 14:07:46 INFO  BasePage:67 - Waiting for the elementUsed
2022-11-08 14:07:47 INFO  BasePage:67 - Waiting for the elementSearch
2022-11-08 14:07:47 INFO  BasePage:67 - Waiting for the elementSearch
2022-11-08 14:07:52 INFO  BasePage:67 - Waiting for the elementHyderabad, Telangana
2022-11-08 14:07:53 INFO  BasePage:67 - Waiting for the elementMysore, Karnataka
2022-11-08 14:08:00 INFO  BasePage:67 - Waiting for the elementUsed
2022-11-08 14:08:00 INFO  BasePage:67 - Waiting for the elementSearch
2022-11-08 14:08:01 INFO  BasePage:67 - Waiting for the elementSearch
2022-11-08 14:08:01 INFO  BasePage:67 - Waiting for the elementUsed
2022-11-08 14:08:01 INFO  BasePage:67 - Waiting for the elementSearch
2022-11-08 14:08:01 INFO  BasePage:67 - Waiting for the elementSearch
2022-11-08 14:08:07 INFO  BasePage:67 - Waiting for the elementDelhi, Delhi
2022-11-08 14:08:07 INFO  BasePage:67 - Waiting for the elementMangalore, Karnataka
2022-11-08 14:08:13 INFO  BasePage:67 - Waiting for the elementUsed
2022-11-08 14:08:13 INFO  BasePage:67 - Waiting for the elementSearch
2022-11-08 14:08:13 INFO  BasePage:67 - Waiting for the elementSearch
2022-11-08 14:08:15 INFO  BasePage:67 - Waiting for the elementUsed
2022-11-08 14:08:15 INFO  BasePage:67 - Waiting for the elementSearch
2022-11-08 14:08:16 INFO  BasePage:67 - Waiting for the elementSearch
2022-11-08 14:08:18 INFO  BasePage:67 - Waiting for the elementDelhi, Delhi
2022-11-08 14:08:21 INFO  BasePage:67 - Waiting for the elementMangalore, Karnataka
2022-11-08 14:08:28 INFO  BasePage:67 - Waiting for the elementUsed
2022-11-08 14:08:28 INFO  BasePage:67 - Waiting for the elementSearch
2022-11-08 14:08:28 INFO  BasePage:67 - Waiting for the elementSearch
2022-11-08 14:08:33 INFO  BasePage:67 - Waiting for the elementDurgaPur, West Bengal
2022-11-08 14:08:39 INFO  BasePage:67 - Waiting for the elementUsed
2022-11-08 14:08:39 INFO  BasePage:67 - Waiting for the elementSearch
2022-11-08 14:08:39 INFO  BasePage:67 - Waiting for the elementSearch
2022-11-08 14:08:44 INFO  BasePage:67 - Waiting for the elementDurgaPur, West Bengal
2022-11-08 14:08:50 INFO  BasePage:67 - Waiting for the elementUsed
2022-11-08 14:08:51 INFO  BasePage:67 - Waiting for the elementSearch
2022-11-08 14:08:51 INFO  BasePage:67 - Waiting for the elementSearch
2022-11-08 14:08:55 INFO  BasePage:67 - Waiting for the elementHyderabad, Telangana
2022-11-08 14:45:58 INFO  BasePage:67 - Waiting for the elementUsed
2022-11-08 14:45:58 INFO  BasePage:67 - Waiting for the elementUsed
2022-11-08 14:45:58 INFO  BasePage:67 - Waiting for the elementSearch
2022-11-08 14:45:58 INFO  BasePage:67 - Waiting for the elementSearch
2022-11-08 14:45:59 INFO  BasePage:67 - Waiting for the elementUsed
2022-11-08 14:46:00 INFO  BasePage:67 - Waiting for the elementSearch
2022-11-08 14:46:00 INFO  BasePage:67 - Waiting for the elementSearch
2022-11-08 14:46:00 INFO  BasePage:67 - Waiting for the elementSearch
2022-11-08 14:46:00 INFO  BasePage:67 - Waiting for the elementSearch
2022-11-08 14:46:00 INFO  BasePage:67 - Waiting for the elementSearch
2022-11-08 14:46:00 INFO  BasePage:67 - Waiting for the elementSearch
2022-11-08 14:46:05 INFO  BasePage:67 - Waiting for the elementView More Brands
2022-11-08 14:46:21 INFO  BasePage:67 - Waiting for the elementUsed
2022-11-08 14:46:21 INFO  BasePage:67 - Waiting for the elementBangalore, Karnataka
2022-11-08 14:46:22 INFO  BasePage:67 - Waiting for the elementChennai, Tamil Nadu
2022-11-08 14:46:22 INFO  BasePage:67 - Waiting for the elementBangalore, Karnataka
2022-11-08 14:46:22 INFO  BasePage:67 - Waiting for the elementSearch
2022-11-08 14:46:23 INFO  BasePage:67 - Waiting for the elementSearch
2022-11-08 14:46:34 INFO  BasePage:67 - Waiting for the elementUsed
2022-11-08 14:46:34 INFO  BasePage:67 - Waiting for the elementUsed
2022-11-08 14:46:36 INFO  BasePage:67 - Waiting for the elementSearch
2022-11-08 14:46:36 INFO  BasePage:67 - Waiting for the elementSearch
2022-11-08 14:46:36 INFO  BasePage:67 - Waiting for the elementSearch
2022-11-08 14:46:36 INFO  BasePage:67 - Waiting for the elementSearch
2022-11-08 14:46:43 INFO  BasePage:67 - Waiting for the elementBangalore, Karnataka
2022-11-08 14:46:50 INFO  BasePage:67 - Waiting for the elementUsed
2022-11-08 14:46:51 INFO  BasePage:67 - Waiting for the elementSearch
2022-11-08 14:46:52 INFO  BasePage:67 - Waiting for the elementSearch
2022-11-08 14:46:55 INFO  BasePage:67 - Waiting for the elementUsed
2022-11-08 14:46:57 INFO  BasePage:67 - Waiting for the elementSearch
2022-11-08 14:46:57 INFO  BasePage:67 - Waiting for the elementSearch
2022-11-08 14:46:59 INFO  BasePage:67 - Waiting for the elementMumbai, Maharashtra
2022-11-08 14:47:05 INFO  BasePage:67 - Waiting for the elementBangalore, Karnataka
2022-11-08 14:47:10 INFO  BasePage:67 - Waiting for the elementMumbai, Maharashtra
2022-11-08 14:47:13 INFO  BasePage:67 - Waiting for the elementBangalore, Karnataka
2022-11-08 14:47:16 INFO  BasePage:67 - Waiting for the elementUsed
2022-11-08 14:47:17 INFO  BasePage:67 - Waiting for the elementSearch
2022-11-08 14:47:17 INFO  BasePage:67 - Waiting for the elementSearch
2022-11-08 14:47:23 INFO  BasePage:67 - Waiting for the elementUsed
2022-11-08 14:47:24 INFO  BasePage:67 - Waiting for the elementUsed
2022-11-08 14:47:25 INFO  BasePage:67 - Waiting for the elementSearch
2022-11-08 14:47:26 INFO  BasePage:67 - Waiting for the elementSearch
2022-11-08 14:47:26 INFO  BasePage:67 - Waiting for the elementSearch
2022-11-08 14:47:26 INFO  BasePage:67 - Waiting for the elementSearch
2022-11-08 14:47:29 INFO  BasePage:67 - Waiting for the elementUsed
2022-11-08 14:47:31 INFO  BasePage:67 - Waiting for the elementSearch
2022-11-08 14:47:31 INFO  BasePage:67 - Waiting for the elementSearch
2022-11-08 14:47:34 INFO  BasePage:67 - Waiting for the elementMumbai, Maharashtra
2022-11-08 14:47:40 INFO  BasePage:67 - Waiting for the elementChennai, Tamil Nadu
2022-11-08 14:47:41 INFO  BasePage:67 - Waiting for the elementMumbai, Maharashtra
2022-11-08 14:47:46 INFO  BasePage:67 - Waiting for the elementBangalore, Karnataka
2022-11-08 14:47:52 INFO  BasePage:67 - Waiting for the elementUsed
2022-11-08 14:47:54 INFO  BasePage:67 - Waiting for the elementSearch
2022-11-08 14:47:54 INFO  BasePage:67 - Waiting for the elementSearch
2022-11-08 14:47:56 INFO  BasePage:67 - Waiting for the elementUsed
2022-11-08 14:47:58 INFO  BasePage:67 - Waiting for the elementSearch
2022-11-08 14:47:58 INFO  BasePage:67 - Waiting for the elementSearch
2022-11-08 14:48:00 INFO  BasePage:67 - Waiting for the elementUsed
2022-11-08 14:48:02 INFO  BasePage:67 - Waiting for the elementSearch
2022-11-08 14:48:02 INFO  BasePage:67 - Waiting for the elementSearch
2022-11-08 14:48:04 INFO  BasePage:67 - Waiting for the elementUsed
2022-11-08 14:48:05 INFO  BasePage:67 - Waiting for the elementSearch
2022-11-08 14:48:05 INFO  BasePage:67 - Waiting for the elementSearch
2022-11-08 14:48:09 INFO  BasePage:67 - Waiting for the elementChennai, Tamil Nadu
2022-11-08 14:48:12 INFO  BasePage:67 - Waiting for the elementHyderabad, Telangana
2022-11-08 14:48:15 INFO  BasePage:67 - Waiting for the elementChennai, Tamil Nadu
2022-11-08 14:48:18 INFO  BasePage:67 - Waiting for the elementHassan, Karnataka
2022-11-08 14:48:25 INFO  BasePage:67 - Waiting for the elementUsed
2022-11-08 14:48:26 INFO  BasePage:67 - Waiting for the elementSearch
2022-11-08 14:48:27 INFO  BasePage:67 - Waiting for the elementSearch
2022-11-08 14:48:27 INFO  BasePage:67 - Waiting for the elementUsed
2022-11-08 14:48:29 INFO  BasePage:67 - Waiting for the elementSearch
2022-11-08 14:48:29 INFO  BasePage:67 - Waiting for the elementSearch
2022-11-08 14:48:32 INFO  BasePage:67 - Waiting for the elementUsed
2022-11-08 14:48:33 INFO  BasePage:67 - Waiting for the elementSearch
2022-11-08 14:48:33 INFO  BasePage:67 - Waiting for the elementSearch
2022-11-08 14:48:34 INFO  BasePage:67 - Waiting for the elementUsed
2022-11-08 14:48:36 INFO  BasePage:67 - Waiting for the elementSearch
2022-11-08 14:48:36 INFO  BasePage:67 - Waiting for the elementSearch
2022-11-08 14:48:40 INFO  BasePage:67 - Waiting for the elementHyderabad, Telangana
2022-11-08 14:48:45 INFO  BasePage:67 - Waiting for the elementDelhi, Delhi
2022-11-08 14:48:48 INFO  BasePage:67 - Waiting for the elementHyderabad, Telangana
2022-11-08 14:48:49 INFO  BasePage:67 - Waiting for the elementHassan, Karnataka
2022-11-08 14:48:55 INFO  BasePage:67 - Waiting for the elementUsed
2022-11-08 14:48:56 INFO  BasePage:67 - Waiting for the elementSearch
2022-11-08 14:48:56 INFO  BasePage:67 - Waiting for the elementSearch
2022-11-08 14:49:00 INFO  BasePage:67 - Waiting for the elementUsed
2022-11-08 14:49:00 INFO  BasePage:67 - Waiting for the elementUsed
2022-11-08 14:49:01 INFO  BasePage:67 - Waiting for the elementSearch
2022-11-08 14:49:01 INFO  BasePage:67 - Waiting for the elementSearch
2022-11-08 14:49:01 INFO  BasePage:67 - Waiting for the elementSearch
2022-11-08 14:49:01 INFO  BasePage:67 - Waiting for the elementSearch
2022-11-08 14:49:04 INFO  BasePage:67 - Waiting for the elementDelhi, Delhi
2022-11-08 14:49:10 INFO  BasePage:67 - Waiting for the elementMysore, Karnataka
2022-11-08 14:49:10 INFO  BasePage:67 - Waiting for the elementDelhi, Delhi
2022-11-08 14:49:18 INFO  BasePage:67 - Waiting for the elementUsed
2022-11-08 14:49:18 INFO  BasePage:67 - Waiting for the elementSearch
2022-11-08 14:49:18 INFO  BasePage:67 - Waiting for the elementSearch
2022-11-08 14:49:22 INFO  BasePage:67 - Waiting for the elementMysore, Karnataka
2022-11-08 14:49:29 INFO  BasePage:67 - Waiting for the elementUsed
2022-11-08 14:49:30 INFO  BasePage:67 - Waiting for the elementSearch
2022-11-08 14:49:30 INFO  BasePage:67 - Waiting for the elementSearch
2022-11-08 14:49:34 INFO  BasePage:67 - Waiting for the elementMangalore, Karnataka
2022-11-08 14:49:39 INFO  BasePage:67 - Waiting for the elementUsed
2022-11-08 14:49:39 INFO  BasePage:67 - Waiting for the elementSearch
2022-11-08 14:49:39 INFO  BasePage:67 - Waiting for the elementSearch
2022-11-08 14:49:44 INFO  BasePage:67 - Waiting for the elementMangalore, Karnataka
2022-11-08 14:49:50 INFO  BasePage:67 - Waiting for the elementUsed
2022-11-08 14:49:51 INFO  BasePage:67 - Waiting for the elementSearch
2022-11-08 14:49:51 INFO  BasePage:67 - Waiting for the elementSearch
2022-11-08 14:49:56 INFO  BasePage:67 - Waiting for the elementDurgaPur, West Bengal
2022-11-08 14:50:01 INFO  BasePage:67 - Waiting for the elementUsed
2022-11-08 14:50:01 INFO  BasePage:67 - Waiting for the elementSearch
2022-11-08 14:50:01 INFO  BasePage:67 - Waiting for the elementSearch
2022-11-08 14:50:07 INFO  BasePage:67 - Waiting for the elementDurgaPur, West Bengal
2022-11-08 14:50:14 INFO  BasePage:67 - Waiting for the elementUsed
2022-11-08 14:50:14 INFO  BasePage:67 - Waiting for the elementSearch
2022-11-08 14:50:14 INFO  BasePage:67 - Waiting for the elementSearch
2022-11-08 14:50:19 INFO  BasePage:67 - Waiting for the elementHyderabad, Telangana
2022-11-08 15:46:16 INFO  BasePage:67 - Waiting for the elementUsed
2022-11-08 15:46:16 INFO  BasePage:67 - Waiting for the elementSearch
2022-11-08 15:46:16 INFO  BasePage:67 - Waiting for the elementSearch
2022-11-08 15:46:21 INFO  BasePage:67 - Waiting for the elementBangalore, Karnataka
2022-11-08 15:46:26 INFO  BasePage:67 - Waiting for the elementUsed
2022-11-08 15:46:27 INFO  BasePage:67 - Waiting for the elementSearch
2022-11-08 15:46:27 INFO  BasePage:67 - Waiting for the elementSearch
2022-11-08 15:46:31 INFO  BasePage:67 - Waiting for the elementHassan, Karnataka
2022-11-08 15:46:37 INFO  BasePage:67 - Waiting for the elementUsed
2022-11-08 15:46:37 INFO  BasePage:67 - Waiting for the elementSearch
2022-11-08 15:46:37 INFO  BasePage:67 - Waiting for the elementSearch
2022-11-08 15:46:42 INFO  BasePage:67 - Waiting for the elementMysore, Karnataka
2022-11-08 15:46:47 INFO  BasePage:67 - Waiting for the elementUsed
2022-11-08 15:46:48 INFO  BasePage:67 - Waiting for the elementSearch
2022-11-08 15:46:48 INFO  BasePage:67 - Waiting for the elementSearch
2022-11-08 15:46:53 INFO  BasePage:67 - Waiting for the elementMangalore, Karnataka
2022-11-08 15:46:59 INFO  BasePage:67 - Waiting for the elementUsed
2022-11-08 15:47:00 INFO  BasePage:67 - Waiting for the elementSearch
2022-11-08 15:47:00 INFO  BasePage:67 - Waiting for the elementSearch
2022-11-08 15:47:06 INFO  BasePage:67 - Waiting for the elementDurgaPur, West Bengal
2022-11-08 15:47:12 INFO  BasePage:67 - Waiting for the elementUsed
2022-11-08 15:47:13 INFO  BasePage:67 - Waiting for the elementSearch
2022-11-08 15:47:13 INFO  BasePage:67 - Waiting for the elementSearch
2022-11-08 15:47:18 INFO  BasePage:67 - Waiting for the elementHyderabad, Telangana
2022-11-08 15:49:53 INFO  BasePage:67 - Waiting for the elementUsed
2022-11-08 15:49:53 INFO  BasePage:67 - Waiting for the elementSearch
2022-11-08 15:49:53 INFO  BasePage:67 - Waiting for the elementSearch
2022-11-08 15:49:58 INFO  BasePage:67 - Waiting for the elementBangalore, Karnataka
2022-11-08 15:50:03 INFO  BasePage:67 - Waiting for the elementUsed
2022-11-08 15:50:03 INFO  BasePage:67 - Waiting for the elementSearch
2022-11-08 15:50:04 INFO  BasePage:67 - Waiting for the elementSearch
2022-11-08 15:50:07 INFO  BasePage:67 - Waiting for the elementHassan, Karnataka
2022-11-08 15:50:13 INFO  BasePage:67 - Waiting for the elementUsed
2022-11-08 15:50:13 INFO  BasePage:67 - Waiting for the elementSearch
2022-11-08 15:50:13 INFO  BasePage:67 - Waiting for the elementSearch
2022-11-08 15:50:18 INFO  BasePage:67 - Waiting for the elementMysore, Karnataka
2022-11-08 15:50:23 INFO  BasePage:67 - Waiting for the elementUsed
2022-11-08 15:50:23 INFO  BasePage:67 - Waiting for the elementSearch
2022-11-08 15:50:23 INFO  BasePage:67 - Waiting for the elementSearch
2022-11-08 15:50:27 INFO  BasePage:67 - Waiting for the elementMangalore, Karnataka
2022-11-08 15:50:32 INFO  BasePage:67 - Waiting for the elementUsed
2022-11-08 15:50:33 INFO  BasePage:67 - Waiting for the elementSearch
2022-11-08 15:50:33 INFO  BasePage:67 - Waiting for the elementSearch
2022-11-08 15:50:36 INFO  BasePage:67 - Waiting for the elementDurgaPur, West Bengal
2022-11-08 15:50:42 INFO  BasePage:67 - Waiting for the elementUsed
2022-11-08 15:50:42 INFO  BasePage:67 - Waiting for the elementSearch
2022-11-08 15:50:42 INFO  BasePage:67 - Waiting for the elementSearch
2022-11-08 15:50:47 INFO  BasePage:67 - Waiting for the elementHyderabad, Telangana
2022-11-08 15:53:33 INFO  BasePage:67 - Waiting for the elementUsed
2022-11-08 15:53:34 INFO  BasePage:67 - Waiting for the elementSearch
2022-11-08 15:53:34 INFO  BasePage:67 - Waiting for the elementSearch
2022-11-08 15:53:39 INFO  BasePage:67 - Waiting for the elementBangalore, Karnataka
2022-11-08 15:53:44 INFO  BasePage:67 - Waiting for the elementUsed
2022-11-08 15:53:45 INFO  BasePage:67 - Waiting for the elementSearch
2022-11-08 15:53:45 INFO  BasePage:67 - Waiting for the elementSearch
2022-11-08 15:53:50 INFO  BasePage:67 - Waiting for the elementHassan, Karnataka
2022-11-08 15:53:56 INFO  BasePage:67 - Waiting for the elementUsed
2022-11-08 15:53:56 INFO  BasePage:67 - Waiting for the elementSearch
2022-11-08 15:53:57 INFO  BasePage:67 - Waiting for the elementSearch
2022-11-08 15:54:02 INFO  BasePage:67 - Waiting for the elementMysore, Karnataka
2022-11-08 15:54:07 INFO  BasePage:67 - Waiting for the elementUsed
2022-11-08 15:54:08 INFO  BasePage:67 - Waiting for the elementSearch
2022-11-08 15:54:08 INFO  BasePage:67 - Waiting for the elementSearch
2022-11-08 15:54:12 INFO  BasePage:67 - Waiting for the elementMangalore, Karnataka
2022-11-08 15:54:18 INFO  BasePage:67 - Waiting for the elementUsed
2022-11-08 15:54:18 INFO  BasePage:67 - Waiting for the elementSearch
2022-11-08 15:54:18 INFO  BasePage:67 - Waiting for the elementSearch
2022-11-08 15:54:22 INFO  BasePage:67 - Waiting for the elementDurgaPur, West Bengal
2022-11-08 15:54:28 INFO  BasePage:67 - Waiting for the elementUsed
2022-11-08 15:54:29 INFO  BasePage:67 - Waiting for the elementSearch
2022-11-08 15:54:29 INFO  BasePage:67 - Waiting for the elementSearch
2022-11-08 15:54:33 INFO  BasePage:67 - Waiting for the elementHyderabad, Telangana
2022-11-08 18:25:09 INFO  BasePage:69 - Waiting for the elementSearch
2022-11-08 18:25:10 INFO  BasePage:84 - C:\Users\adars\workspace\POM_OCT_22\reports\2022.11.08.18.25.10.png
